<?xml version="1.0" encoding="UTF-8"?>
<testsuite xmlns:xsi="http://www.w3.org/2001/XMLSchema-instance" xsi:noNamespaceSchemaLocation="https://maven.apache.org/surefire/maven-surefire-plugin/xsd/surefire-test-report-3.0.xsd" version="3.0" name="com.myproject.javastudy.coreJavaTest.TestReflection" time="0.043" tests="2" errors="0" skipped="0" failures="0">
  <properties>
    <property name="java.specification.version" value="17"/>
    <property name="sun.cpu.isalist" value="amd64"/>
    <property name="sun.jnu.encoding" value="GBK"/>
    <property name="java.class.path" value="D:\work\code\vscode\java\myProjectJava\javase\target\test-classes;D:\work\code\vscode\java\myProjectJava\javase\target\classes;C:\Users\31446\.m2\repository\org\junit\jupiter\junit-jupiter-api\5.9.1\junit-jupiter-api-5.9.1.jar;C:\Users\31446\.m2\repository\org\opentest4j\opentest4j\1.2.0\opentest4j-1.2.0.jar;C:\Users\31446\.m2\repository\org\junit\platform\junit-platform-commons\1.9.1\junit-platform-commons-1.9.1.jar;C:\Users\31446\.m2\repository\org\apiguardian\apiguardian-api\1.1.2\apiguardian-api-1.1.2.jar;C:\Users\31446\.m2\repository\org\mongodb\mongodb-driver\3.12.11\mongodb-driver-3.12.11.jar;C:\Users\31446\.m2\repository\org\mongodb\bson\3.12.11\bson-3.12.11.jar;C:\Users\31446\.m2\repository\org\mongodb\mongodb-driver-core\3.12.11\mongodb-driver-core-3.12.11.jar;C:\Users\31446\.m2\repository\org\jsoup\jsoup\1.15.3\jsoup-1.15.3.jar;C:\Users\31446\.m2\repository\org\apache\httpcomponents\httpclient\4.5.13\httpclient-4.5.13.jar;C:\Users\31446\.m2\repository\commons-logging\commons-logging\1.2\commons-logging-1.2.jar;C:\Users\31446\.m2\repository\commons-codec\commons-codec\1.11\commons-codec-1.11.jar;C:\Users\31446\.m2\repository\org\apache\httpcomponents\httpcore\4.4.15\httpcore-4.4.15.jar;C:\Users\31446\.m2\repository\com\alibaba\fastjson2\fastjson2\2.0.18.android\fastjson2-2.0.18.android.jar;"/>
    <property name="java.vm.vendor" value="Oracle Corporation"/>
    <property name="sun.arch.data.model" value="64"/>
    <property name="user.variant" value=""/>
    <property name="java.vendor.url" value="https://java.oracle.com/"/>
    <property name="user.timezone" value="Asia/Shanghai"/>
    <property name="os.name" value="Windows 11"/>
    <property name="java.vm.specification.version" value="17"/>
    <property name="sun.java.launcher" value="SUN_STANDARD"/>
    <property name="user.country" value="CN"/>
    <property name="sun.boot.library.path" value="D:\program files\jdk\17\bin"/>
    <property name="sun.java.command" value="D:\work\temp\surefire14329202513678768841\surefirebooter4147423792191766943.jar D:\work\temp\surefire14329202513678768841 2022-11-09T10-52-23_158-jvmRun1 surefire7268104333394937069tmp surefire_01742763897846355032tmp"/>
    <property name="jdk.debug" value="release"/>
    <property name="surefire.test.class.path" value="D:\work\code\vscode\java\myProjectJava\javase\target\test-classes;D:\work\code\vscode\java\myProjectJava\javase\target\classes;C:\Users\31446\.m2\repository\org\junit\jupiter\junit-jupiter-api\5.9.1\junit-jupiter-api-5.9.1.jar;C:\Users\31446\.m2\repository\org\opentest4j\opentest4j\1.2.0\opentest4j-1.2.0.jar;C:\Users\31446\.m2\repository\org\junit\platform\junit-platform-commons\1.9.1\junit-platform-commons-1.9.1.jar;C:\Users\31446\.m2\repository\org\apiguardian\apiguardian-api\1.1.2\apiguardian-api-1.1.2.jar;C:\Users\31446\.m2\repository\org\mongodb\mongodb-driver\3.12.11\mongodb-driver-3.12.11.jar;C:\Users\31446\.m2\repository\org\mongodb\bson\3.12.11\bson-3.12.11.jar;C:\Users\31446\.m2\repository\org\mongodb\mongodb-driver-core\3.12.11\mongodb-driver-core-3.12.11.jar;C:\Users\31446\.m2\repository\org\jsoup\jsoup\1.15.3\jsoup-1.15.3.jar;C:\Users\31446\.m2\repository\org\apache\httpcomponents\httpclient\4.5.13\httpclient-4.5.13.jar;C:\Users\31446\.m2\repository\commons-logging\commons-logging\1.2\commons-logging-1.2.jar;C:\Users\31446\.m2\repository\commons-codec\commons-codec\1.11\commons-codec-1.11.jar;C:\Users\31446\.m2\repository\org\apache\httpcomponents\httpcore\4.4.15\httpcore-4.4.15.jar;C:\Users\31446\.m2\repository\com\alibaba\fastjson2\fastjson2\2.0.18.android\fastjson2-2.0.18.android.jar;"/>
    <property name="sun.cpu.endian" value="little"/>
    <property name="user.home" value="C:\Users\31446"/>
    <property name="user.language" value="zh"/>
    <property name="java.specification.vendor" value="Oracle Corporation"/>
    <property name="java.version.date" value="2022-08-18"/>
    <property name="java.home" value="D:\program files\jdk\17"/>
    <property name="file.separator" value="\"/>
    <property name="basedir" value="D:\work\code\vscode\java\myProjectJava\javase"/>
    <property name="java.vm.compressedOopsMode" value="Zero based"/>
    <property name="line.separator" value="&#10;"/>
    <property name="java.vm.specification.vendor" value="Oracle Corporation"/>
    <property name="java.specification.name" value="Java Platform API Specification"/>
    <property name="surefire.real.class.path" value="D:\work\temp\surefire14329202513678768841\surefirebooter4147423792191766943.jar"/>
    <property name="user.script" value=""/>
    <property name="sun.management.compiler" value="HotSpot 64-Bit Tiered Compilers"/>
    <property name="java.runtime.version" value="17.0.4.1+1-LTS-2"/>
    <property name="user.name" value="31446"/>
    <property name="path.separator" value=";"/>
    <property name="os.version" value="10.0"/>
    <property name="java.runtime.name" value="Java(TM) SE Runtime Environment"/>
    <property name="file.encoding" value="GBK"/>
    <property name="java.vm.name" value="Java HotSpot(TM) 64-Bit Server VM"/>
    <property name="localRepository" value="C:\Users\31446\.m2\repository"/>
    <property name="java.vendor.url.bug" value="https://bugreport.java.com/bugreport/"/>
    <property name="java.io.tmpdir" value="D:\work\temp\"/>
    <property name="java.version" value="17.0.4.1"/>
    <property name="user.dir" value="D:\work\code\vscode\java\myProjectJava\javase"/>
    <property name="os.arch" value="amd64"/>
    <property name="java.vm.specification.name" value="Java Virtual Machine Specification"/>
    <property name="sun.os.patch.level" value=""/>
    <property name="native.encoding" value="GBK"/>
    <property name="java.library.path" value="D:\program files\jdk\17\bin;C:\WINDOWS\Sun\Java\bin;C:\WINDOWS\system32;C:\WINDOWS;D:\program files\python\Scripts\;D:\program files\python\;D:\program files\Komodo\;D:\program files\vmware\bin\;D:\program files\jdk\17\bin;D:\program files\jdk\11\bin;C:\Program Files (x86)\Common Files\Oracle\Java\javapath;D:\specialsoft\oracle\bin;D:\masm32\bin;C:\Program Files\PlasticSCM5\server;C:\Program Files\PlasticSCM5\client;D:\program files\python;D:\program files\python\Scripts;C:\windows\system32;C:\Windows;C:\Windows\System32\Wbem;C:\Windows\System32\WindowsPowerShell\v1.0\;D:\work\code\cmd;D:\program files\Dart\dart-sdk\bin;C:\Program Files\dotnet\;D:\program files\mysql\bin;D:\specialsoft\cygwin\bin;D:\specialsoft\cygwin\sbin;D:\specialsoft\cygwin\usr\local\bin;D:\specialsoft\Apache24\bin;D:\program files\gradle\bin;D:\program files\postgreSQL\bin;C:\WINDOWS\System32\OpenSSH\;C:\ProgramData\chocolatey\bin;D:\program files\php;C:\ProgramData\ComposerSetup\bin;D:\program files\hadoop\hadoop\bin;D:\program files\Neovim\bin;C:\Program Files\Microsoft SQL Server\150\Tools\Binn\;D:\program files\go\bin;D:\program files\platform-tools;D:\program files\mingw\bin;D:\program files\apache-maven\bin;D:\program files\apache-tomcat\bin;D:\program files\lua;D:\work\other\cmd;D:\program files\apache-ant\bin;D:\program files\flutter\bin;C:\Library\Developer\Toolchains\unknown-Asserts-development.xctoolchain\usr\bin;C:\Library\Swift-development\bin;C:\Library\icu-67\usr\bin;C:\Program Files\Microsoft SQL Server\120\Tools\Binn\;D:\program files\Git\cmd;D:\program files\tdm-gcc\bin;D:\program files\scala\sbt\bin;D:\program files\tesseract;D:\program files\vagrant\bin;D:\program files\Cmake\bin;C:\Program Files\Microsoft SQL Server\Client SDK\ODBC\170\Tools\Binn\;D:\program files\LLVM\bin;D:\specialsoft\Apache\bin;D:\program files\mongodb\bin;D:\program files\Metasploit\metasploit-framework\bin\;D:\program files\hla;D:\program files\qemu;C:\Program Files\NVIDIA Corporation\NVIDIA NvDLISR;C:\WINDOWS\system32;C:\WINDOWS;C:\WINDOWS\System32\Wbem;C:\WINDOWS\System32\WindowsPowerShell\v1.0\;C:\WINDOWS\System32\OpenSSH\;D:\program files\virtualbox;D:\program files\nodejs\;C:\Users\31446\AppData\Local\activestate\cache\bin;C:\Users\31446\AppData\Local\ActiveState\StateTool\release\bin;C:\Program Files\MySQL\MySQL Shell 8.0\bin\;D:\program files\Ruby\bin;D:\program files\jdk\17\bin;D:\masm32\bin;D:\program files\Ruby30-x64\bin;C:\Users\31446\scoop\shims;C:\Users\31446\AppData\Local\Microsoft\WindowsApps;C:\Program Files\Bandizip\;C:\Users\31446\AppData\Local\Programs\Microsoft VS Code\bin;D:\program files\Microsoft VS Code\Microsoft VS Code\bin;C:\Users\31446\go\bin;C:\Users\31446\.deno\bin;D:\program files\Fiddler;C:\Users\31446\.dotnet\tools;C:\Users\31446\AppData\Roaming\Composer\vendor\bin;D:\program files\texlive\texlive\2021\texlive\2021\bin\win32;C:\Users\31446\AppData\Local\GitHubDesktop\bin;D:\program files\sdcc\bin;C:\Users\31446\AppData\Local\JetBrains\Toolbox\scripts;C:\Users\31446\AppData\Local\Coursier\data\bin;C:\Users\31446\AppData\Local\Microsoft\WindowsApps;C:\Users\31446\.dotnet\tools;C:\Users\31446\AppData\Roaming\npm;."/>
    <property name="java.vm.info" value="mixed mode, sharing"/>
    <property name="java.vendor" value="Oracle Corporation"/>
    <property name="java.vm.version" value="17.0.4.1+1-LTS-2"/>
    <property name="sun.io.unicode.encoding" value="UnicodeLittle"/>
    <property name="java.class.version" value="61.0"/>
  </properties>
  <testcase name="testLog" classname="com.myproject.javastudy.coreJavaTest.TestReflection" time="0.029">
    <system-out><![CDATA[thread:add1
thread:removenull
thread:add1
thread:removenull
thread:add1
thread:removenull
thread:add1
thread:add1
thread:remove1
transfer thread:removenull
thread:addnull
thread:removenull
thread:addnull
thread:removenull
transfer thread:removenull
thread:add1
thread:removenull
thread:add1
thread:add1
thread:remove1
thread:add1
thread:removenull
thread:add1
thread:removenull
thread:add1
thread:removenull
thread:add1
thread:removenull
thread:add1
thread:removenull
transfer thread:add1
thread:addnull
thread:removenull
transfer thread:addnull
thread:addnull
thread:removenull
thread:addnull
thread:removenull
thread:addnull
thread:removenull
thread:add1
thread:removenull
thread:add1
thread:add1
thread:add1
thread:removenull
transfer thread:remove1
thread:add1
thread:add1
transfer thread:remove1
thread:add1
transfer thread:add1
thread:add1
thread:add1
transfer thread:add1
thread:removenull
thread:add1
transfer thread:remove1
thread:add1
transfer thread:remove1
thread:add1
transfer thread:add1
thread:add1
transfer thread:add1
thread:add1
thread:add1
transfer thread:remove1
thread:add1
transfer thread:removenull
thread:add1
thread:add1
transfer thread:add1
thread:removenull
thread:add1
thread:removenull
thread:removenull
transfer thread:remove1
thread:removenull
thread:removenull
thread:removenull
thread:removenull
thread:removenull
thread:removenull
thread:removenull
thread:removenull
thread:removenull
transfer thread:add1
thread:removenull
thread:removenull
thread:add1
thread:removenull
transfer thread:addnull
thread:removenull
thread:add1
thread:removenull
thread:add1
thread:removenull
thread:add1
thread:removenull
thread:add1
thread:removenull
thread:add1
thread:removenull
thread:add1
thread:removenull
thread:add1
thread:removenull
thread:add1
transfer thread:removenull
thread:removenull
thread:add1
thread:removenull
thread:add1
transfer thread:removenull
thread:add1
thread:removenull
thread:add1
thread:removenull
thread:add1
thread:add1
thread:remove1
thread:add1
thread:removenull
thread:add1
thread:removenull
thread:add1
thread:add1
thread:removenull
thread:add1
thread:removenull
thread:add1
thread:removenull
thread:add1
thread:removenull
thread:add1
thread:removenull
thread:add1
transfer thread:add1
thread:remove1
thread:add1
transfer thread:add1
thread:remove1
thread:add1
thread:removenull
thread:add1
thread:add1
thread:removenull
transfer thread:remove1
thread:add1
thread:removenull
thread:add1
transfer thread:remove1
thread:removenull
thread:add1
thread:removenull
thread:add1
thread:add1
thread:removenull
thread:addnull
thread:removenull
transfer thread:add1
thread:removenull
thread:addnull
transfer thread:addnull
thread:removenull
transfer thread:removenull
thread:add1
thread:removenull
thread:add1
transfer thread:remove1
thread:removenull
thread:add1
transfer thread:add1
thread:add1
transfer thread:add1
thread:remove1
thread:add1
transfer thread:remove1
thread:removenull
thread:add1
transfer thread:remove1
thread:removenull
thread:add1
thread:add1
thread:remove1
transfer thread:add1
thread:add1
thread:removenull
thread:add1
thread:removenull
transfer thread:addnull
transfer thread:removenull
thread:addnull
transfer thread:addnull
transfer thread:removenull
thread:add1
transfer thread:add1
transfer thread:remove1
thread:add1
transfer thread:remove1
transfer thread:add1
thread:add1
transfer thread:remove1
transfer thread:add1
thread:remove1
thread:add1
thread:removenull
transfer thread:addnull
thread:add1
thread:add1
thread:removenull
transfer thread:remove1
thread:add1
thread:removenull
transfer thread:removenull
thread:add1
thread:removenull
thread:add1
thread:removenull
thread:removenull
thread:add1
thread:add1
thread:remove1
thread:removenull
thread:add1
thread:removenull
thread:add1
transfer thread:add1
thread:removenull
thread:add1
thread:removenull
transfer thread:addnull
thread:removenull
thread:addnull
thread:removenull
thread:add1
thread:removenull
thread:add1
thread:removenull
thread:add1
transfer thread:removenull
thread:removenull
thread:add1
thread:removenull
transfer thread:removenull
thread:add1
thread:removenull
thread:add1
thread:removenull
thread:add1
thread:removenull
thread:add1
thread:add1
thread:removenull
thread:addnull
thread:removenull
transfer thread:addnull
transfer thread:add1
thread:removenull
thread:removenull
thread:add1
thread:removenull
thread:add1
thread:removenull
transfer thread:removenull
thread:addnull
thread:add1
transfer thread:add1
thread:removenull
thread:add1
thread:add1
thread:removenull
thread:addnull
thread:removenull
thread:removenull
thread:addnull
thread:add1
thread:removenull
transfer thread:removenull
thread:add1
thread:removenull
transfer thread:removenull
thread:add1
thread:removenull
thread:add1
thread:removenull
thread:add1
transfer thread:add1
thread:removenull
thread:add1
thread:removenull
transfer thread:addnull
thread:add1
thread:removenull
thread:add1
thread:removenull
thread:removenull
transfer thread:removenull
thread:removenull
transfer thread:removenull
thread:removenull
thread:add1
thread:removenull
thread:add1
transfer thread:addnull
thread:removenull
thread:add1
thread:removenull
transfer thread:addnull
thread:add1
thread:removenull
thread:add1
thread:add1
thread:remove1
thread:add1
thread:removenull
thread:add1
thread:removenull
thread:add1
thread:removenull
thread:add1
thread:add1
transfer thread:remove1
thread:remove1
thread:add1
thread:removenull
transfer thread:remove1
thread:removenull
transfer thread:addnull
thread:removenull
transfer thread:addnull
thread:addnull
thread:removenull
thread:add1
thread:removenull
thread:addnull
thread:removenull
thread:add1
thread:removenull
thread:add1
thread:removenull
thread:add1
thread:removenull
thread:add1
thread:removenull
thread:add1
thread:removenull
thread:add1
thread:add1
thread:removenull
thread:add1
thread:removenull
thread:add1
thread:removenull
thread:add1
thread:removenull
thread:add1
thread:add1
transfer thread:remove1
thread:remove1
thread:add1
thread:removenull
thread:add1
thread:removenull
thread:add1
transfer thread:removenull
thread:removenull
thread:add1
thread:add1
thread:remove1
transfer thread:add1
thread:add1
thread:removenull
thread:add1
thread:removenull
thread:add1
thread:removenull
thread:add1
thread:removenull
thread:add1
transfer thread:add1
thread:removenull
thread:add1
thread:removenull
thread:add1
thread:removenull
transfer thread:removenull
thread:add1
thread:add1
thread:remove1
thread:add1
thread:removenull
transfer thread:remove1
thread:add1
thread:removenull
thread:add1
thread:removenull
thread:add1
thread:removenull
thread:add1
thread:removenull
thread:add1
thread:removenull
transfer thread:addnull
thread:add1
thread:removenull
thread:add1
thread:removenull
transfer thread:addnull
thread:add1
thread:removenull
thread:add1
thread:removenull
thread:add1
thread:removenull
transfer thread:removenull
thread:add1
thread:removenull
thread:add1
thread:removenull
transfer thread:remove1
thread:add1
thread:removenull
thread:add1
thread:removenull
thread:removenull
thread:add1
thread:removenull
thread:add1
thread:removenull
thread:add1
thread:removenull
thread:add1
thread:removenull
thread:add1
thread:removenull
thread:add1
thread:removenull
thread:add1
thread:removenull
thread:add1
thread:removenull
thread:add1
thread:removenull
thread:add1
thread:removenull
thread:add1
thread:removenull
thread:add1
thread:removenull
thread:add1
thread:removenull
thread:add1
thread:removenull
thread:add1
thread:removenull
thread:add1
thread:add1
thread:removenull
thread:add1
thread:removenull
thread:add1
thread:removenull
thread:add1
thread:removenull
thread:add1
thread:removenull
thread:add1
transfer thread:add1
thread:add1
thread:remove1
thread:add1
thread:removenull
transfer thread:add1
thread:add1
thread:removenull
thread:add1
thread:removenull
thread:add1
transfer thread:removenull
thread:removenull
thread:add1
thread:removenull
thread:add1
transfer thread:remove1
thread:removenull
thread:add1
thread:removenull
thread:add1
thread:remove1
thread:add1
thread:add1
thread:remove1
thread:add1
thread:removenull
thread:add1
thread:removenull
transfer thread:addnull
thread:add1
thread:removenull
transfer thread:add1
thread:removenull
thread:removenull
thread:removenull
thread:add1
thread:removenull
thread:add1
thread:removenull
thread:removenull
thread:add1
thread:remove1
thread:add1
thread:remove1
thread:add1
thread:removenull
transfer thread:removenull
thread:add1
thread:removenull
thread:add1
transfer thread:remove1
transfer thread:addnull
thread:removenull
thread:add1
transfer thread:addnull
thread:removenull
thread:add1
thread:removenull
thread:add1
thread:removenull
thread:add1
thread:removenull
thread:add1
thread:removenull
thread:add1
thread:removenull
thread:add1
transfer thread:removenull
thread:removenull
thread:add1
thread:removenull
transfer thread:removenull
thread:add1
thread:removenull
thread:add1
thread:removenull
thread:add1
thread:removenull
thread:add1
thread:removenull
thread:add1
thread:removenull
thread:add1
transfer thread:add1
thread:removenull
thread:add1
thread:removenull
thread:add1
transfer thread:add1
thread:removenull
transfer thread:removenull
thread:add1
thread:removenull
thread:removenull
transfer thread:remove1
thread:add1
thread:removenull
thread:add1
thread:removenull
thread:add1
thread:removenull
transfer thread:add1
thread:addnull
thread:removenull
transfer thread:addnull
thread:add1
thread:removenull
thread:add1
thread:removenull
transfer thread:removenull
thread:add1
thread:removenull
transfer thread:add1
thread:add1
thread:add1
thread:add1
transfer thread:remove1
thread:add1
thread:removenull
transfer thread:remove1
thread:add1
thread:removenull
thread:add1
thread:removenull
transfer thread:addnull
thread:add1
thread:removenull
transfer thread:add1
thread:add1
thread:removenull
thread:add1
thread:removenull
transfer thread:removenull
thread:removenull
thread:addnull
thread:removenull
transfer thread:remove1
thread:add1
transfer thread:add1
thread:removenull
thread:add1
thread:removenull
transfer thread:addnull
transfer thread:removenull
thread:add1
thread:removenull
thread:removenull
transfer thread:addnull
transfer thread:removenull
thread:add1
thread:removenull
transfer thread:addnull
transfer thread:removenull
thread:add1
thread:removenull
transfer thread:addnull
thread:add1
thread:removenull
thread:add1
thread:removenull
transfer thread:removenull
thread:addnull
thread:removenull
transfer thread:removenull
thread:add1
thread:removenull
transfer thread:add1
thread:removenull
thread:addnull
thread:removenull
transfer thread:addnull
thread:add1
thread:removenull
thread:add1
transfer thread:removenull
thread:removenull
thread:add1
thread:removenull
transfer thread:removenull
thread:add1
thread:removenull
thread:add1
thread:removenull
thread:add1
thread:add1
thread:add1
thread:remove1
transfer thread:add1
thread:add1
thread:removenull
transfer thread:addnull
thread:add1
thread:removenull
transfer thread:removenull
thread:removenull
thread:add1
thread:removenull
transfer thread:removenull
thread:add1
thread:removenull
thread:removenull
thread:add1
transfer thread:addnull
thread:removenull
thread:removenull
thread:add1
transfer thread:removenull
thread:removenull
thread:add1
thread:removenull
thread:removenull
thread:add1
transfer thread:addnull
thread:removenull
thread:removenull
thread:add1
thread:removenull
thread:add1
thread:removenull
transfer thread:addnull
transfer thread:remove1
thread:add1
thread:removenull
transfer thread:add1
transfer thread:remove1
thread:removenull
thread:add1
transfer thread:removenull
thread:removenull
transfer thread:addnull
thread:removenull
transfer thread:addnull
thread:removenull
thread:add1
thread:removenull
thread:add1
transfer thread:remove1
thread:removenull
thread:add1
thread:add1
thread:remove1
transfer thread:remove1
thread:addnull
thread:removenull
thread:remove1
thread:add1
transfer thread:add1
thread:add1
thread:removenull
transfer thread:add1
thread:removenull
thread:add1
thread:removenull
thread:add1
thread:removenull
thread:add1
transfer thread:remove1
thread:removenull
thread:add1
thread:add1
thread:removenull
transfer thread:remove1
thread:add1
thread:removenull
thread:removenull
thread:add1
thread:add1
thread:remove1
transfer thread:add1
thread:removenull
thread:add1
thread:removenull
thread:add1
transfer thread:add1
thread:removenull
thread:add1
thread:add1
thread:removenull
thread:removenull
thread:add1
transfer thread:remove1
thread:add1
thread:remove1
transfer thread:remove1
thread:add1
thread:remove1
thread:remove1
thread:add1
thread:add1
transfer thread:add1
thread:add1
thread:remove1
thread:add1
thread:removenull
transfer thread:add1
thread:add1
thread:removenull
thread:removenull
thread:add1
thread:removenull
thread:add1
transfer thread:remove1
thread:add1
thread:removenull
thread:removenull
thread:add1
transfer thread:remove1
thread:removenull
thread:add1
thread:removenull
thread:add1
thread:add1
thread:removenull
thread:add1
thread:removenull
thread:removenull
thread:add1
thread:add1
thread:removenull
thread:removenull
thread:add1
transfer thread:add1
thread:add1
thread:removenull
thread:removenull
thread:add1
transfer thread:addnull
thread:add1
thread:removenull
thread:add1
thread:removenull
transfer thread:remove1
thread:add1
thread:removenull
thread:addnull
thread:removenull
transfer thread:removenull
thread:removenull
thread:add1
thread:removenull
thread:add1
transfer thread:add1
thread:add1
thread:removenull
thread:removenull
thread:add1
transfer thread:add1
thread:add1
thread:removenull
thread:removenull
thread:add1
transfer thread:remove1
thread:remove1
thread:add1
thread:removenull
thread:add1
transfer thread:removenull
thread:removenull
thread:add1
thread:removenull
thread:add1
thread:removenull
transfer thread:add1
thread:removenull
thread:add1
thread:add1
thread:remove1
transfer thread:addnull
thread:add1
thread:removenull
thread:add1
thread:removenull
thread:add1
thread:removenull
thread:add1
thread:removenull
thread:add1
thread:removenull
thread:add1
thread:removenull
thread:add1
thread:removenull
thread:add1
thread:removenull
thread:add1
thread:removenull
thread:removenull
thread:add1
thread:remove1
thread:add1
thread:add1
thread:remove1
transfer thread:removenull
thread:add1
thread:removenull
thread:removenull
thread:add1
thread:add1
thread:removenull
transfer thread:add1
thread:removenull
thread:add1
thread:remove1
thread:add1
thread:remove1
thread:add1
transfer thread:remove1
thread:removenull
thread:add1
thread:removenull
transfer thread:remove1
thread:removenull
thread:add1
transfer thread:addnull
thread:add1
thread:remove1
thread:removenull
thread:add1
transfer thread:add1
thread:removenull
thread:add1
thread:removenull
thread:add1
thread:removenull
transfer thread:remove1
thread:removenull
thread:add1
thread:removenull
thread:add1
thread:add1
thread:removenull
transfer thread:remove1
thread:removenull
thread:add1
thread:add1
thread:removenull
transfer thread:add1
thread:removenull
thread:add1
thread:removenull
thread:addnull
thread:add1
thread:removenull
transfer thread:addnull
thread:removenull
thread:add1
thread:removenull
thread:add1
transfer thread:remove1
thread:add1
thread:remove1
thread:addnull
thread:removenull
transfer thread:removenull
thread:add1
thread:removenull
thread:removenull
thread:add1
transfer thread:addnull
thread:removenull
thread:add1
thread:add1
thread:removenull
thread:removenull
thread:add1
transfer thread:add1
thread:remove1
thread:add1
thread:add1
thread:remove1
transfer thread:remove1
thread:remove1
thread:add1
thread:removenull
thread:add1
transfer thread:remove1
thread:add1
thread:removenull
thread:add1
thread:removenull
thread:removenull
thread:add1
transfer thread:add1
thread:removenull
thread:add1
thread:add1
thread:removenull
thread:add1
thread:removenull
transfer thread:add1
thread:addnull
thread:removenull
thread:removenull
thread:add1
transfer thread:removenull
thread:removenull
thread:add1
thread:removenull
thread:add1
thread:add1
thread:remove1
transfer thread:remove1
thread:removenull
thread:add1
transfer thread:add1
thread:add1
thread:add1
transfer thread:add1
thread:removenull
thread:add1
thread:removenull
thread:add1
thread:removenull
thread:add1
thread:add1
thread:remove1
thread:addnull
thread:removenull
thread:remove1
thread:add1
thread:removenull
thread:add1
thread:removenull
thread:add1
thread:removenull
thread:add1
thread:removenull
thread:add1
thread:remove1
thread:add1
thread:removenull
thread:add1
thread:removenull
thread:add1
thread:removenull
thread:add1
thread:removenull
thread:removenull
thread:add1
thread:removenull
thread:add1
transfer thread:removenull
thread:removenull
thread:add1
thread:removenull
thread:add1
thread:removenull
thread:add1
transfer thread:removenull
thread:removenull
thread:add1
thread:removenull
thread:removenull
thread:add1
thread:removenull
thread:add1
thread:removenull
thread:add1
thread:add1
thread:removenull
thread:removenull
thread:add1
thread:removenull
thread:add1
thread:add1
thread:removenull
thread:removenull
thread:add1
thread:removenull
thread:add1
thread:removenull
thread:add1
thread:add1
thread:removenull
thread:removenull
thread:add1
thread:add1
thread:remove1
thread:removenull
thread:add1
thread:removenull
thread:add1
thread:add1
thread:removenull
thread:removenull
thread:add1
thread:add1
thread:removenull
thread:removenull
thread:add1
thread:removenull
thread:add1
thread:add1
thread:removenull
transfer thread:add1
thread:addnull
thread:removenull
thread:removenull
thread:add1
thread:removenull
thread:add1
transfer thread:addnull
thread:add1
thread:remove1
thread:add1
thread:removenull
thread:removenull
thread:add1
thread:removenull
thread:add1
thread:add1
thread:removenull
thread:removenull
thread:add1
thread:removenull
thread:add1
thread:removenull
thread:add1
thread:removenull
thread:add1
thread:removenull
thread:add1
thread:remove1
thread:add1
thread:removenull
thread:add1
thread:add1
thread:removenull
thread:add1
thread:removenull
thread:add1
thread:removenull
thread:removenull
thread:add1
thread:removenull
thread:add1
thread:removenull
thread:add1
thread:removenull
thread:add1
transfer thread:removenull
thread:add1
thread:removenull
thread:add1
thread:removenull
thread:add1
thread:removenull
transfer thread:removenull
thread:add1
thread:removenull
thread:removenull
thread:add1
thread:add1
thread:removenull
transfer thread:add1
thread:removenull
thread:add1
thread:add1
thread:removenull
thread:removenull
thread:add1
transfer thread:add1
thread:add1
thread:remove1
thread:removenull
thread:addnull
thread:removenull
thread:add1
transfer thread:removenull
thread:removenull
thread:add1
thread:removenull
thread:add1
transfer thread:remove1
thread:add1
thread:remove1
thread:removenull
thread:add1
thread:removenull
thread:add1
transfer thread:add1
thread:add1
thread:removenull
thread:add1
thread:add1
thread:add1
transfer thread:add1
thread:add1
thread:add1
thread:add1
thread:add1
thread:add1
thread:removenull
thread:add1
thread:add1
thread:removenull
thread:add1
thread:removenull
thread:add1
thread:removenull
thread:add1
thread:removenull
thread:add1
thread:removenull
thread:add1
thread:removenull
thread:add1
thread:removenull
thread:add1
thread:removenull
thread:add1
thread:removenull
thread:add1
thread:removenull
thread:removenull
thread:add1
thread:removenull
thread:add1
thread:add1
thread:removenull
thread:add1
thread:removenull
thread:add1
thread:removenull
thread:add1
thread:removenull
thread:add1
thread:removenull
thread:add1
thread:removenull
thread:add1
thread:removenull
thread:add1
thread:removenull
thread:add1
thread:removenull
thread:add1
thread:removenull
thread:removenull
thread:removenull
thread:removenull
thread:removenull
thread:removenull
thread:removenull
thread:removenull
thread:removenull
thread:removenull
thread:removenull
thread:removenull
thread:removenull
thread:removenull
thread:removenull
thread:removenull
thread:removenull
thread:removenull
thread:removenull
thread:add1
thread:removenull
thread:removenull
thread:removenull
thread:removenull
thread:removenull
thread:removenull
thread:removenull
thread:removenull
thread:removenull
thread:removenull
thread:removenull
thread:removenull
thread:removenull
thread:removenull
thread:removenull
thread:removenull
thread:removenull
thread:removenull
thread:add1
thread:removenull
thread:add1
thread:removenull
thread:add1
thread:removenull
thread:add1
thread:removenull
thread:add1
thread:removenull
thread:add1
thread:removenull
thread:add1
thread:removenull
thread:add1
thread:removenull
thread:add1
thread:removenull
thread:add1
thread:removenull
thread:add1
thread:removenull
thread:add1
thread:add1
thread:removenull
thread:add1
thread:removenull
thread:add1
thread:removenull
thread:add1
thread:add1
thread:remove1
thread:add1
thread:add1
thread:add1
thread:removenull
thread:add1
thread:removenull
thread:add1
thread:removenull
thread:add1
thread:removenull
thread:add1
thread:removenull
thread:add1
thread:removenull
thread:add1
thread:add1
thread:removenull
thread:add1
thread:removenull
thread:add1
thread:removenull
thread:add1
thread:add1
thread:add1
thread:add1
thread:add1
thread:removenull
thread:add1
thread:add1
thread:removenull
thread:add1
thread:add1
thread:removenull
thread:add1
thread:removenull
thread:removenull
thread:addnull
thread:add1
thread:removenull
thread:add1
thread:removenull
thread:add1
thread:removenull
thread:add1
thread:removenull
thread:add1
thread:add1
thread:removenull
thread:add1
thread:removenull
thread:add1
thread:removenull
thread:add1
thread:removenull
thread:add1
thread:removenull
thread:add1
thread:add1
thread:removenull
thread:add1
thread:removenull
thread:add1
thread:removenull
thread:add1
thread:add1
thread:add1
thread:add1
thread:add1
thread:add1
thread:add1
thread:add1
thread:remove1
thread:add1
thread:add1
thread:removenull
thread:add1
thread:removenull
thread:add1
thread:add1
thread:remove1
thread:add1
thread:add1
thread:removenull
thread:add1
thread:removenull
thread:add1
thread:add1
thread:remove1
thread:add1
thread:add1
thread:removenull
thread:add1
thread:add1
thread:removenull
thread:add1
thread:add1
thread:removenull
thread:add1
thread:add1
thread:removenull
thread:add1
thread:removenull
thread:add1
thread:removenull
thread:add1
thread:add1
thread:removenull
thread:add1
thread:removenull
thread:add1
thread:add1
thread:removenull
thread:add1
thread:removenull
thread:add1
thread:add1
thread:removenull
thread:add1
thread:removenull
thread:add1
thread:removenull
thread:add1
thread:removenull
thread:add1
thread:removenull
thread:add1
thread:add1
thread:removenull
thread:removenull
thread:add1
thread:removenull
thread:removenull
thread:add1
thread:add1
thread:removenull
thread:add1
thread:removenull
thread:add1
thread:removenull
thread:add1
thread:removenull
thread:add1
thread:removenull
thread:add1
thread:removenull
thread:add1
thread:removenull
thread:add1
thread:removenull
thread:add1
thread:removenull
thread:add1
thread:removenull
thread:add1
thread:removenull
thread:add1
thread:removenull
thread:add1
thread:removenull
thread:add1
thread:removenull
thread:removenull
thread:addnull
thread:removenull
thread:add1
thread:removenull
thread:add1
thread:removenull
thread:add1
thread:removenull
thread:add1
thread:removenull
thread:add1
thread:removenull
thread:removenull
thread:addnull
thread:removenull
thread:add1
thread:removenull
thread:add1
thread:removenull
thread:add1
thread:add1
thread:remove1
thread:add1
thread:removenull
thread:add1
thread:removenull
thread:add1
thread:removenull
thread:add1
thread:removenull
thread:add1
thread:removenull
thread:add1
thread:removenull
thread:add1
thread:removenull
thread:add1
thread:removenull
thread:add1
thread:removenull
thread:add1
thread:removenull
thread:add1
thread:removenull
thread:add1
thread:removenull
thread:add1
thread:removenull
thread:add1
thread:removenull
thread:add1
thread:removenull
thread:add1
thread:removenull
thread:add1
thread:removenull
thread:add1
thread:removenull
thread:add1
thread:removenull
thread:removenull
thread:removenull
thread:add1
thread:removenull
thread:removenull
thread:add1
thread:removenull
thread:add1
thread:removenull
thread:add1
thread:addnull
thread:removenull
thread:removenull
thread:add1
thread:removenull
thread:removenull
thread:add1
thread:removenull
thread:removenull
thread:removenull
thread:add1
thread:removenull
thread:add1
thread:removenull
thread:add1
thread:removenull
thread:remove1
thread:add1
thread:removenull
thread:add1
thread:removenull
thread:removenull
thread:removenull
thread:removenull
thread:removenull
thread:removenull
thread:removenull
thread:removenull
thread:add1
thread:removenull
thread:removenull
thread:add1
thread:removenull
thread:add1
thread:removenull
thread:add1
thread:removenull
thread:add1
thread:removenull
thread:add1
thread:removenull
thread:add1
thread:removenull
thread:add1
thread:removenull
thread:add1
thread:removenull
thread:add1
thread:add1
thread:removenull
thread:removenull
thread:removenull
thread:add1
thread:removenull
thread:add1
thread:add1
thread:add1
thread:add1
thread:add1
thread:add1
thread:add1
thread:add1
thread:add1
thread:add1
thread:removenull
thread:add1
thread:removenull
thread:add1
thread:removenull
thread:add1
thread:add1
thread:add1
thread:removenull
thread:add1
thread:add1
thread:add1
thread:add1
thread:add1
thread:add1
thread:add1
thread:add1
thread:add1
thread:add1
thread:add1
thread:add1
thread:add1
thread:add1
thread:add1
thread:add1
thread:add1
thread:add1
thread:add1
thread:add1
thread:add1
thread:add1
thread:add1
thread:removenull
thread:add1
thread:add1
thread:removenull
thread:add1
thread:removenull
thread:add1
thread:removenull
thread:add1
thread:add1
thread:add1
thread:removenull
thread:add1
thread:removenull
thread:add1
thread:removenull
thread:add1
thread:removenull
thread:add1
thread:add1
thread:removenull
thread:removenull
thread:add1
thread:removenull
thread:add1
thread:add1
thread:removenull
thread:removenull
thread:addnull
thread:removenull
thread:add1
thread:removenull
thread:add1
thread:removenull
thread:add1
thread:removenull
thread:add1
thread:removenull
thread:removenull
thread:add1
thread:add1
thread:remove1
thread:removenull
thread:add1
thread:add1
thread:remove1
thread:removenull
thread:add1
thread:add1
thread:removenull
thread:removenull
thread:add1
thread:removenull
thread:add1
thread:removenull
thread:add1
thread:removenull
thread:add1
thread:add1
thread:removenull
thread:removenull
thread:add1
thread:add1
thread:removenull
thread:add1
thread:remove1
thread:removenull
thread:add1
thread:removenull
thread:add1
thread:removenull
thread:add1
thread:removenull
thread:add1
thread:removenull
thread:add1
thread:removenull
thread:add1
thread:removenull
thread:add1
thread:removenull
thread:add1
thread:removenull
thread:add1
thread:removenull
thread:add1
thread:removenull
thread:add1
thread:add1
thread:removenull
thread:add1
thread:add1
thread:removenull
thread:add1
thread:removenull
thread:add1
thread:removenull
thread:add1
thread:removenull
thread:removenull
thread:add1
thread:removenull
thread:removenull
thread:add1
thread:add1
thread:removenull
thread:add1
thread:add1
thread:add1
thread:add1
thread:add1
thread:add1
thread:add1
thread:add1
thread:removenull
thread:addnull
thread:add1
thread:add1
thread:add1
thread:add1
thread:add1
thread:removenull
thread:add1
thread:add1
thread:add1
thread:add1
thread:add1
thread:add1
thread:add1
thread:add1
thread:add1
thread:add1
thread:add1
thread:add1
thread:add1
thread:add1
thread:add1
thread:add1
thread:add1
thread:add1
thread:add1
thread:add1
transfer thread:remove1
thread:add1
transfer thread:remove1
thread:add1
transfer thread:add1
transfer thread:add1
transfer thread:remove1
transfer thread:remove1
transfer thread:add1
transfer thread:add1
transfer thread:remove1
transfer thread:remove1
transfer thread:add1
transfer thread:add1
thread:add1
thread:add1
thread:add1
thread:add1
thread:add1
thread:add1
thread:add1
thread:add1
thread:removenull
thread:add1
thread:add1
thread:add1
thread:add1
thread:add1
thread:add1
thread:add1
thread:add1
thread:add1
thread:add1
thread:add1
thread:add1
thread:add1
thread:add1
thread:add1
thread:add1
thread:add1
thread:add1
thread:add1
thread:add1
thread:add1
thread:add1
thread:add1
thread:add1
thread:add1
thread:add1
thread:add1
thread:add1
thread:add1
thread:add1
thread:add1
thread:add1
thread:add1
thread:add1
thread:add1
thread:add1
thread:add1
thread:add1
thread:add1
thread:add1
thread:add1
thread:add1
thread:add1
thread:add1
thread:add1
thread:add1
thread:add1
thread:add1
thread:removenull
thread:add1
thread:add1
thread:removenull
thread:add1
thread:removenull
thread:add1
thread:add1
thread:add1
thread:removenull
thread:add1
thread:removenull
thread:removenull
thread:removenull
thread:removenull
thread:add1
thread:removenull
thread:add1
thread:add1
thread:remove1
thread:add1
thread:add1
thread:add1
transfer thread:remove1
thread:add1
thread:add1
transfer thread:remove1
thread:add1
thread:add1
thread:add1
thread:add1
thread:add1
thread:add1
thread:add1
thread:add1
thread:add1
thread:add1
transfer thread:add1
thread:add1
thread:add1
transfer thread:add1
thread:add1
thread:add1
thread:add1
thread:add1
thread:add1
thread:add1
thread:add1
thread:add1
thread:add1
thread:add1
thread:add1
thread:add1
thread:add1
thread:add1
thread:add1
thread:add1
thread:add1
thread:add1
thread:add1
thread:add1
thread:add1
thread:add1
thread:add1
thread:add1
thread:removenull
thread:add1
thread:add1
thread:remove1
thread:add1
thread:removenull
thread:add1
thread:removenull
thread:add1
thread:removenull
thread:add1
thread:add1
thread:remove1
thread:add1
thread:removenull
thread:add1
thread:removenull
thread:add1
thread:removenull
thread:add1
thread:removenull
thread:removenull
thread:add1
thread:removenull
thread:add1
thread:removenull
thread:add1
thread:removenull
thread:add1
thread:removenull
thread:removenull
thread:add1
thread:removenull
thread:add1
thread:removenull
thread:removenull
thread:add1
thread:removenull
thread:removenull
thread:add1
thread:removenull
thread:add1
thread:add1
thread:add1
thread:add1
thread:add1
thread:add1
thread:add1
thread:removenull
thread:add1
thread:removenull
thread:add1
thread:removenull
thread:add1
thread:removenull
thread:add1
thread:removenull
thread:add1
thread:removenull
thread:add1
thread:add1
thread:removenull
thread:add1
thread:removenull
thread:add1
thread:removenull
thread:add1
thread:removenull
thread:removenull
thread:addnull
thread:removenull
thread:add1
thread:remove1
thread:add1
thread:removenull
thread:removenull
thread:addnull
thread:removenull
thread:removenull
thread:add1
thread:removenull
thread:add1
thread:removenull
thread:add1
thread:removenull
thread:removenull
thread:addnull
thread:removenull
thread:add1
thread:removenull
thread:add1
thread:add1
thread:add1
thread:add1
thread:add1
thread:add1
thread:add1
thread:add1
thread:add1
thread:add1
thread:add1
thread:add1
thread:add1
thread:add1
thread:add1
thread:add1
thread:add1
thread:add1
thread:add1
thread:removenull
thread:add1
thread:add1
thread:add1
thread:add1
thread:add1
thread:add1
thread:add1
thread:add1
thread:add1
thread:add1
thread:add1
thread:add1
thread:add1
thread:add1
thread:add1
thread:add1
thread:add1
thread:add1
thread:add1
thread:add1
thread:add1
thread:add1
thread:add1
thread:add1
thread:add1
thread:add1
thread:add1
thread:add1
thread:add1
thread:add1
thread:add1
thread:add1
thread:add1
thread:add1
thread:add1
thread:add1
thread:add1
thread:add1
thread:add1
thread:add1
thread:add1
thread:add1
thread:add1
thread:add1
thread:add1
thread:add1
thread:add1
thread:add1
thread:add1
thread:add1
thread:add1
thread:add1
thread:add1
thread:add1
thread:add1
thread:add1
thread:add1
thread:add1
thread:add1
thread:add1
thread:add1
thread:add1
thread:add1
thread:add1
thread:add1
thread:add1
thread:add1
thread:add1
thread:add1
thread:add1
thread:add1
thread:add1
thread:add1
thread:add1
thread:add1
thread:add1
thread:add1
thread:add1
thread:add1
thread:add1
thread:add1
thread:add1
thread:add1
thread:add1
thread:add1
thread:add1
thread:add1
thread:add1
thread:add1
thread:add1
thread:add1
thread:add1
thread:add1
thread:add1
thread:add1
thread:add1
thread:add1
thread:add1
thread:add1
thread:add1
thread:add1
thread:add1
thread:add1
thread:add1
thread:add1
thread:add1
thread:add1
thread:add1
thread:add1
thread:add1
thread:add1
thread:add1
thread:add1
thread:add1
thread:add1
thread:add1
thread:add1
thread:add1
thread:add1
thread:add1
thread:add1
thread:add1
thread:add1
thread:add1
thread:add1
thread:add1
thread:add1
thread:add1
thread:add1
thread:add1
thread:add1
thread:add1
thread:add1
thread:add1
thread:add1
thread:add1
thread:add1
thread:add1
thread:add1
thread:add1
thread:add1
thread:add1
thread:add1
thread:add1
thread:add1
thread:add1
thread:add1
thread:add1
thread:add1
thread:add1
thread:add1
thread:add1
thread:add1
thread:add1
thread:add1
thread:add1
thread:add1
thread:add1
thread:add1
thread:add1
thread:add1
thread:add1
thread:add1
thread:add1
thread:add1
thread:add1
thread:add1
thread:add1
thread:add1
thread:add1
thread:add1
thread:add1
thread:add1
thread:add1
transfer thread:remove1
thread:add1
thread:add1
thread:add1
thread:add1
thread:add1
thread:add1
thread:add1
thread:add1
thread:add1
thread:add1
thread:add1
thread:add1
transfer thread:remove1
thread:add1
thread:add1
thread:add1
thread:add1
thread:add1
thread:add1
thread:add1
thread:add1
thread:add1
thread:add1
thread:add1
thread:add1
thread:add1
thread:add1
thread:add1
thread:add1
thread:add1
thread:add1
thread:add1
thread:add1
thread:add1
thread:add1
thread:add1
thread:add1
thread:add1
thread:add1
thread:add1
thread:add1
thread:add1
thread:add1
thread:add1
thread:add1
thread:add1
thread:add1
thread:add1
thread:add1
thread:add1
thread:add1
thread:add1
thread:add1
thread:add1
thread:add1
thread:add1
thread:add1
thread:add1
thread:add1
thread:add1
thread:add1
thread:add1
thread:add1
thread:add1
thread:add1
thread:add1
thread:removenull
thread:add1
thread:add1
thread:add1
thread:removenull
thread:add1
thread:removenull
thread:removenull
thread:removenull
thread:addnull
thread:removenull
thread:add1
thread:removenull
thread:add1
thread:removenull
thread:add1
thread:removenull
thread:add1
thread:removenull
thread:removenull
thread:add1
thread:removenull
thread:removenull
thread:add1
thread:removenull
thread:removenull
thread:add1
thread:removenull
thread:add1
thread:addnull
thread:removenull
thread:add1
thread:removenull
thread:add1
thread:removenull
thread:add1
thread:removenull
thread:add1
thread:removenull
thread:removenull
thread:add1
thread:add1
thread:removenull
thread:add1
thread:add1
thread:removenull
thread:add1
thread:add1
thread:add1
thread:add1
thread:add1
thread:add1
thread:add1
thread:add1
thread:add1
thread:add1
thread:add1
thread:add1
thread:add1
thread:add1
thread:add1
thread:removenull
thread:add1
thread:removenull
thread:add1
thread:removenull
thread:removenull
thread:add1
thread:removenull
thread:removenull
thread:add1
thread:removenull
thread:add1
thread:removenull
thread:add1
thread:removenull
thread:add1
thread:removenull
thread:add1
thread:removenull
thread:add1
thread:removenull
thread:add1
thread:removenull
thread:add1
thread:removenull
thread:add1
thread:removenull
thread:add1
thread:removenull
transfer thread:addnull
thread:add1
thread:removenull
thread:add1
thread:removenull
thread:add1
thread:removenull
thread:add1
thread:removenull
thread:add1
thread:removenull
transfer thread:addnull
thread:add1
thread:removenull
thread:add1
thread:removenull
thread:add1
transfer thread:removenull
thread:add1
thread:removenull
thread:add1
thread:add1
thread:removenull
transfer thread:remove1
thread:add1
thread:removenull
thread:add1
thread:removenull
thread:add1
thread:removenull
thread:add1
transfer thread:add1
thread:removenull
thread:add1
thread:removenull
thread:add1
transfer thread:add1
thread:add1
thread:removenull
thread:add1
thread:removenull
transfer thread:remove1
thread:add1
thread:removenull
thread:add1
thread:removenull
transfer thread:removenull
thread:add1
thread:removenull
thread:add1
transfer thread:addnull
thread:add1
thread:removenull
thread:add1
thread:removenull
thread:add1
transfer thread:removenull
thread:add1
thread:removenull
thread:add1
thread:add1
thread:add1
thread:add1
thread:add1
thread:add1
transfer thread:add1
thread:add1
thread:add1
thread:add1
thread:add1
transfer thread:add1
thread:add1
thread:add1
thread:add1
thread:add1
transfer thread:remove1
thread:add1
thread:add1
transfer thread:remove1
thread:add1
thread:add1
thread:add1
transfer thread:add1
thread:add1
thread:add1
transfer thread:add1
thread:add1
thread:add1
transfer thread:remove1
thread:add1
transfer thread:remove1
thread:add1
thread:add1
transfer thread:add1
thread:add1
thread:add1
transfer thread:add1
thread:add1
thread:add1
transfer thread:remove1
thread:removenull
thread:removenull
thread:removenull
thread:removenull
thread:removenull
thread:removenull
thread:removenull
thread:removenull
thread:removenull
thread:removenull
thread:removenull
thread:add1
thread:removenull
thread:removenull
thread:removenull
thread:add1
thread:removenull
thread:removenull
thread:add1
thread:removenull
thread:add1
thread:add1
thread:removenull
thread:add1
thread:removenull
thread:add1
thread:removenull
thread:removenull
thread:add1
thread:removenull
thread:add1
thread:removenull
thread:add1
thread:removenull
transfer thread:addnull
thread:add1
thread:removenull
thread:add1
thread:removenull
thread:add1
thread:removenull
thread:add1
transfer thread:removenull
thread:removenull
thread:removenull
thread:add1
thread:removenull
thread:add1
thread:removenull
transfer thread:remove1
thread:add1
thread:removenull
thread:add1
thread:removenull
thread:add1
thread:removenull
thread:add1
thread:removenull
thread:add1
thread:removenull
transfer thread:addnull
thread:add1
thread:removenull
thread:removenull
thread:add1
thread:removenull
transfer thread:addnull
thread:add1
thread:removenull
thread:add1
thread:removenull
thread:add1
thread:removenull
thread:add1
thread:removenull
thread:add1
thread:removenull
thread:add1
thread:removenull
thread:removenull
transfer thread:removenull
transfer thread:remove1
thread:add1
thread:add1
thread:add1
transfer thread:add1
thread:add1
transfer thread:add1
thread:add1
thread:add1
thread:add1
thread:removenull
thread:add1
thread:removenull
transfer thread:removenull
thread:removenull
thread:add1
thread:removenull
thread:add1
thread:removenull
thread:add1
thread:removenull
thread:add1
thread:add1
thread:removenull
transfer thread:remove1
transfer thread:addnull
thread:removenull
thread:removenull
thread:add1
thread:removenull
thread:removenull
thread:addnull
thread:removenull
thread:removenull
thread:add1
thread:removenull
thread:add1
thread:removenull
transfer thread:addnull
thread:add1
thread:removenull
thread:add1
thread:removenull
thread:add1
thread:removenull
thread:add1
thread:removenull
thread:add1
thread:removenull
thread:add1
thread:removenull
thread:removenull
thread:add1
thread:removenull
thread:add1
thread:removenull
thread:add1
thread:removenull
thread:add1
thread:removenull
thread:add1
thread:removenull
thread:add1
thread:removenull
thread:removenull
thread:add1
thread:removenull
thread:add1
thread:removenull
thread:removenull
thread:add1
thread:removenull
thread:add1
thread:removenull
thread:add1
thread:removenull
thread:add1
thread:removenull
thread:add1
thread:removenull
thread:add1
thread:removenull
thread:add1
thread:removenull
thread:add1
thread:removenull
thread:add1
thread:removenull
thread:add1
thread:removenull
thread:add1
thread:removenull
thread:add1
thread:removenull
thread:add1
thread:removenull
thread:add1
thread:removenull
thread:add1
thread:removenull
thread:add1
thread:removenull
thread:add1
thread:removenull
thread:add1
thread:removenull
thread:add1
thread:removenull
thread:removenull
thread:add1
thread:removenull
thread:add1
thread:removenull
thread:add1
thread:removenull
thread:add1
thread:removenull
thread:add1
thread:removenull
thread:add1
thread:removenull
thread:add1
thread:removenull
thread:add1
thread:removenull
thread:add1
thread:removenull
thread:add1
thread:removenull
thread:removenull
thread:add1
thread:removenull
thread:add1
thread:removenull
thread:add1
thread:removenull
thread:add1
thread:removenull
thread:add1
thread:removenull
thread:add1
thread:add1
thread:removenull
thread:removenull
thread:add1
thread:removenull
thread:add1
thread:removenull
thread:add1
thread:removenull
thread:add1
thread:removenull
thread:add1
thread:removenull
thread:add1
thread:removenull
thread:add1
thread:add1
thread:removenull
thread:add1
thread:removenull
thread:add1
thread:removenull
thread:add1
thread:removenull
thread:add1
thread:removenull
thread:add1
thread:add1
thread:remove1
thread:add1
thread:add1
thread:remove1
thread:add1
thread:removenull
transfer thread:removenull
thread:removenull
thread:removenull
thread:add1
thread:removenull
thread:add1
thread:removenull
thread:removenull
thread:addnull
thread:removenull
thread:removenull
transfer thread:addnull
thread:removenull
transfer thread:removenull
thread:add1
transfer thread:add1
thread:add1
thread:add1
thread:removenull
thread:add1
thread:removenull
thread:add1
thread:removenull
transfer thread:remove1
thread:add1
thread:removenull
thread:add1
thread:removenull
thread:add1
thread:removenull
thread:removenull
thread:addnull
thread:add1
thread:removenull
thread:removenull
thread:add1
thread:removenull
thread:add1
thread:removenull
thread:add1
thread:removenull
thread:add1
thread:removenull
thread:add1
thread:removenull
thread:add1
thread:removenull
thread:add1
thread:removenull
thread:add1
thread:removenull
thread:add1
thread:removenull
thread:add1
thread:removenull
thread:add1
thread:removenull
thread:add1
thread:removenull
thread:add1
thread:removenull
thread:add1
thread:removenull
thread:add1
thread:removenull
thread:add1
thread:removenull
thread:removenull
thread:add1
thread:removenull
thread:add1
thread:removenull
thread:add1
thread:removenull
thread:add1
thread:add1
thread:remove1
thread:addnull
thread:removenull
thread:removenull
thread:add1
thread:remove1
thread:add1
thread:removenull
thread:removenull
thread:removenull
thread:removenull
transfer thread:addnull
thread:add1
thread:add1
thread:add1
thread:removenull
thread:add1
thread:removenull
thread:removenull
thread:addnull
thread:add1
thread:remove1
thread:removenull
thread:add1
thread:remove1
thread:add1
thread:remove1
thread:add1
thread:removenull
thread:add1
thread:removenull
thread:add1
thread:removenull
thread:add1
thread:removenull
thread:add1
thread:removenull
thread:add1
thread:removenull
thread:add1
thread:removenull
thread:add1
thread:removenull
thread:add1
thread:removenull
thread:removenull
thread:add1
thread:add1
thread:remove1
thread:add1
thread:removenull
thread:removenull
thread:add1
thread:add1
thread:removenull
thread:removenull
thread:addnull
thread:add1
thread:remove1
thread:addnull
thread:removenull
thread:add1
thread:removenull
thread:removenull
thread:add1
thread:removenull
thread:add1
thread:removenull
thread:add1
thread:removenull
thread:removenull
thread:add1
thread:remove1
thread:add1
thread:removenull
thread:add1
thread:removenull
thread:add1
thread:removenull
thread:add1
thread:removenull
thread:add1
thread:removenull
thread:add1
thread:removenull
thread:add1
thread:removenull
transfer thread:removenull
thread:add1
thread:removenull
thread:removenull
thread:add1
thread:add1
thread:removenull
thread:add1
thread:removenull
thread:removenull
thread:add1
transfer thread:remove1
thread:removenull
thread:add1
thread:removenull
thread:add1
thread:removenull
thread:add1
thread:removenull
thread:add1
thread:removenull
thread:removenull
thread:add1
thread:removenull
thread:add1
thread:removenull
thread:add1
thread:remove1
transfer thread:add1
thread:add1
thread:removenull
thread:removenull
thread:add1
thread:add1
thread:removenull
transfer thread:add1
thread:removenull
thread:add1
thread:remove1
thread:add1
thread:removenull
thread:add1
thread:remove1
thread:add1
thread:removenull
thread:add1
thread:removenull
thread:add1
transfer thread:remove1
thread:removenull
thread:add1
thread:remove1
thread:add1
thread:add1
thread:remove1
thread:removenull
transfer thread:remove1
thread:add1
thread:removenull
thread:add1
thread:removenull
thread:add1
thread:removenull
thread:addnull
thread:removenull
transfer thread:addnull
thread:add1
thread:removenull
thread:removenull
transfer thread:addnull
thread:removenull
thread:add1
thread:removenull
thread:add1
thread:removenull
thread:add1
thread:removenull
thread:removenull
thread:add1
thread:add1
thread:remove1
thread:add1
thread:removenull
thread:add1
thread:removenull
GBK
thread:add1
thread:removenull
thread:add1
thread:removenull
thread:removenull
thread:add1
thread:removenull
thread:add1
thread:removenull
thread:add1
thread:add1
thread:remove1
thread:add1
thread:removenull
thread:removenull
thread:addnull
thread:add1
thread:remove1
thread:addnull
thread:removenull
thread:removenull
thread:add1
thread:removenull
thread:add1
thread:removenull
thread:removenull
transfer thread:remove1
thread:removenull
thread:removenull
thread:removenull
thread:removenull
thread:removenull
thread:removenull
thread:removenull
thread:add1
thread:removenull
thread:removenull
thread:add1
thread:removenull
thread:removenull
thread:add1
thread:removenull
thread:add1
thread:removenull
thread:add1
thread:removenull
thread:add1
thread:removenull
thread:add1
thread:removenull
thread:add1
thread:removenull
thread:removenull
thread:addnull
thread:removenull
thread:removenull
thread:removenull
thread:removenull
thread:removenull
thread:removenull
thread:add1
thread:removenull
thread:add1
thread:add1
thread:add1
thread:add1
thread:add1
thread:add1
thread:add1
thread:removenull
thread:add1
thread:add1
thread:removenull
thread:removenull
thread:add1
thread:removenull
thread:add1
thread:removenull
thread:add1
thread:removenull
thread:add1
thread:removenull
thread:add1
thread:removenull
thread:add1
thread:removenull
thread:add1
thread:removenull
thread:add1
thread:removenull
thread:add1
thread:removenull
thread:add1
thread:removenull
thread:add1
thread:removenull
thread:add1
thread:removenull
thread:add1
thread:removenull
thread:add1
thread:removenull
thread:add1
thread:removenull
thread:add1
thread:removenull
thread:add1
thread:removenull
thread:removenull
thread:removenull
thread:removenull
thread:removenull
thread:removenull
thread:removenull
thread:removenull
thread:removenull
thread:removenull
thread:removenull
thread:removenull
thread:removenull
thread:removenull
thread:removenull
thread:removenull
thread:removenull
transfer thread:removenull
thread:removenull
thread:removenull
thread:removenull
thread:removenull
thread:removenull
thread:removenull
thread:removenull
thread:removenull
thread:removenull
thread:removenull
thread:removenull
thread:removenull
thread:removenull
thread:addnull
thread:removenull
thread:add1
thread:removenull
thread:add1
thread:removenull
thread:removenull
thread:addnull
thread:removenull
thread:add1
thread:removenull
thread:removenull
thread:add1
thread:removenull
thread:add1
thread:removenull
thread:add1
thread:removenull
thread:add1
thread:removenull
thread:add1
thread:removenull
thread:add1
thread:removenull
thread:addnull
thread:removenull
thread:add1
thread:removenull
thread:add1
thread:removenull
thread:add1
thread:removenull
thread:add1
thread:removenull
thread:add1
thread:removenull
thread:add1
thread:removenull
thread:add1
thread:removenull
thread:add1
thread:removenull
thread:add1
thread:removenull
thread:removenull
thread:add1
thread:removenull
thread:add1
thread:removenull
thread:removenull
thread:addnull
thread:removenull
thread:add1
thread:removenull
thread:add1
thread:removenull
thread:add1
thread:removenull
thread:add1
thread:removenull
thread:add1
thread:removenull
thread:add1
thread:removenull
thread:add1
thread:removenull
thread:add1
thread:removenull
thread:add1
thread:removenull
thread:removenull
thread:removenull
transfer thread:addnull
thread:removenull
thread:removenull
thread:removenull
thread:removenull
thread:removenull
thread:addnull
thread:removenull
thread:removenull
thread:removenull
thread:removenull
thread:removenull
transfer thread:addnull
transfer thread:remove1
thread:removenull
thread:add1
transfer thread:removenull
thread:removenull
thread:add1
thread:removenull
thread:add1
thread:removenull
transfer thread:addnull
thread:add1
thread:removenull
thread:removenull
thread:removenull
thread:add1
transfer thread:add1
thread:removenull
thread:add1
thread:removenull
thread:add1
transfer thread:remove1
thread:removenull
thread:add1
thread:removenull
thread:add1
transfer thread:remove1
thread:removenull
thread:add1
transfer thread:add1
thread:add1
thread:remove1
transfer thread:add1
thread:removenull
thread:addnull
transfer thread:removenull
thread:removenull
thread:add1
transfer thread:removenull
thread:removenull
thread:add1
thread:removenull
thread:add1
transfer thread:add1
thread:removenull
thread:add1
thread:removenull
transfer thread:addnull
thread:add1
thread:removenull
thread:add1
thread:removenull
thread:add1
transfer thread:remove1
thread:removenull
thread:add1
thread:removenull
transfer thread:removenull
thread:add1
thread:removenull
thread:add1
thread:removenull
transfer thread:addnull
thread:add1
thread:removenull
thread:add1
transfer thread:add1
thread:removenull
thread:add1
thread:removenull
thread:add1
transfer thread:remove1
thread:removenull
thread:add1
transfer thread:remove1
thread:removenull
thread:add1
thread:removenull
thread:add1
transfer thread:add1
thread:removenull
thread:add1
transfer thread:add1
thread:removenull
thread:add1
thread:add1
transfer thread:remove1
thread:add1
thread:removenull
thread:add1
transfer thread:remove1
thread:remove1
thread:add1
transfer thread:add1
thread:add1
thread:removenull
transfer thread:add1
thread:add1
thread:removenull
thread:removenull
thread:addnull
thread:removenull
transfer thread:removenull
thread:removenull
thread:addnull
thread:removenull
thread:add1
thread:removenull
thread:add1
thread:removenull
thread:add1
thread:removenull
thread:add1
thread:removenull
thread:add1
thread:removenull
thread:add1
thread:removenull
thread:add1
thread:removenull
thread:add1
thread:removenull
thread:add1
thread:removenull
thread:add1
thread:removenull
thread:add1
thread:removenull
thread:add1
thread:removenull
thread:add1
thread:removenull
thread:add1
thread:removenull
thread:add1
thread:removenull
thread:add1
thread:removenull
thread:add1
thread:removenull
thread:add1
thread:removenull
thread:add1
thread:removenull
thread:add1
thread:removenull
thread:add1
thread:removenull
thread:add1
thread:removenull
thread:add1
thread:removenull
thread:add1
thread:removenull
thread:add1
thread:removenull
thread:add1
thread:removenull
thread:add1
thread:removenull
thread:add1
thread:removenull
thread:add1
thread:removenull
thread:add1
thread:removenull
thread:add1
thread:removenull
thread:add1
thread:removenull
transfer thread:remove1
thread:add1
thread:removenull
thread:add1
thread:removenull
thread:add1
thread:removenull
thread:add1
thread:add1
transfer thread:add1
thread:add1
thread:removenull
transfer thread:addnull
thread:add1
thread:removenull
thread:add1
thread:removenull
transfer thread:remove1
thread:add1
thread:removenull
thread:add1
thread:removenull
thread:add1
thread:removenull
thread:add1
transfer thread:removenull
thread:removenull
thread:add1
thread:removenull
thread:add1
thread:removenull
thread:add1
thread:removenull
thread:add1
thread:removenull
transfer thread:add1
thread:add1
thread:removenull
thread:add1
thread:removenull
transfer thread:addnull
thread:add1
thread:removenull
thread:add1
thread:removenull
thread:add1
thread:removenull
thread:add1
thread:removenull
thread:add1
thread:removenull
thread:removenull
thread:add1
thread:removenull
thread:add1
thread:removenull
thread:add1
thread:removenull
thread:add1
thread:add1
thread:add1
thread:add1
thread:add1
thread:add1
thread:add1
transfer thread:removenull
thread:add1
thread:add1
thread:add1
thread:add1
thread:add1
thread:add1
transfer thread:remove1
thread:add1
thread:add1
thread:remove1
thread:add1
thread:removenull
thread:add1
thread:removenull
thread:add1
thread:removenull
thread:add1
thread:removenull
thread:add1
thread:removenull
thread:add1
thread:removenull
thread:add1
thread:removenull
thread:add1
thread:removenull
thread:add1
transfer thread:addnull
thread:removenull
thread:add1
thread:removenull
thread:add1
transfer thread:add1
thread:removenull
thread:add1
thread:removenull
thread:add1
thread:removenull
thread:removenull
thread:add1
thread:removenull
thread:add1
thread:removenull
thread:add1
thread:removenull
thread:add1
thread:removenull
thread:add1
thread:add1
thread:add1
thread:add1
thread:add1
thread:add1
thread:add1
thread:add1
thread:add1
thread:add1
thread:add1
thread:add1
thread:add1
thread:add1
thread:add1
thread:add1
thread:add1
thread:add1
thread:removenull
thread:add1
thread:remove1
thread:removenull
thread:addnull
transfer thread:removenull
thread:removenull
thread:removenull
thread:removenull
thread:addnull
thread:removenull
thread:add1
thread:removenull
thread:add1
thread:removenull
thread:add1
thread:removenull
thread:add1
thread:removenull
thread:removenull
thread:removenull
thread:add1
thread:removenull
thread:removenull
thread:removenull
transfer thread:remove1
thread:removenull
thread:add1
thread:removenull
thread:add1
thread:removenull
thread:add1
thread:removenull
thread:add1
thread:removenull
transfer thread:add1
thread:add1
thread:removenull
thread:add1
thread:removenull
thread:add1
transfer thread:addnull
thread:removenull
thread:add1
thread:removenull
thread:add1
thread:removenull
thread:add1
thread:removenull
transfer thread:removenull
thread:add1
thread:removenull
thread:add1
transfer thread:remove1
thread:removenull
thread:add1
thread:add1
transfer thread:add1
thread:add1
thread:add1
thread:add1
thread:add1
transfer thread:add1
transfer thread:remove1
thread:add1
thread:add1
thread:add1
transfer thread:add1
thread:add1
thread:add1
thread:add1
thread:add1
thread:add1
thread:add1
thread:add1
thread:add1
thread:add1
thread:add1
thread:add1
thread:add1
thread:add1
thread:add1
thread:add1
transfer thread:remove1
thread:add1
thread:add1
thread:add1
thread:add1
thread:add1
thread:add1
thread:add1
thread:add1
thread:add1
thread:add1
thread:removenull
thread:add1
transfer thread:add1
thread:removenull
transfer thread:remove1
thread:add1
thread:removenull
thread:add1
thread:removenull
thread:add1
transfer thread:add1
thread:removenull
thread:add1
thread:removenull
thread:add1
thread:removenull
thread:add1
transfer thread:remove1
thread:removenull
thread:add1
thread:removenull
thread:add1
thread:removenull
thread:add1
thread:removenull
thread:add1
thread:removenull
thread:add1
thread:removenull
thread:add1
thread:removenull
thread:add1
thread:removenull
thread:add1
thread:removenull
thread:add1
thread:removenull
thread:add1
thread:removenull
thread:add1
thread:removenull
thread:add1
thread:removenull
thread:add1
thread:removenull
thread:add1
thread:removenull
thread:add1
thread:removenull
thread:add1
thread:removenull
thread:add1
thread:removenull
thread:add1
thread:removenull
thread:add1
transfer thread:add1
thread:removenull
thread:add1
thread:removenull
thread:add1
thread:add1
thread:remove1
thread:add1
thread:removenull
thread:add1
thread:removenull
thread:add1
thread:removenull
thread:add1
thread:removenull
thread:add1
thread:removenull
thread:add1
thread:removenull
thread:add1
thread:removenull
thread:add1
thread:removenull
thread:add1
thread:removenull
thread:add1
thread:removenull
thread:add1
thread:add1
thread:remove1
thread:add1
thread:removenull
thread:add1
thread:removenull
thread:add1
thread:removenull
thread:add1
thread:removenull
thread:add1
thread:removenull
thread:add1
thread:removenull
thread:add1
thread:removenull
thread:add1
thread:removenull
thread:add1
thread:removenull
thread:add1
thread:removenull
thread:add1
thread:remove1
thread:add1
thread:removenull
thread:add1
thread:removenull
thread:add1
thread:removenull
thread:add1
thread:removenull
thread:add1
thread:removenull
thread:add1
thread:removenull
thread:add1
thread:removenull
thread:add1
thread:removenull
thread:add1
thread:removenull
thread:add1
transfer thread:remove1
thread:removenull
thread:add1
thread:removenull
thread:add1
thread:removenull
transfer thread:removenull
thread:add1
thread:removenull
thread:add1
thread:removenull
thread:add1
thread:removenull
thread:add1
thread:removenull
thread:removenull
thread:removenull
thread:add1
transfer thread:addnull
thread:removenull
thread:add1
thread:removenull
thread:removenull
transfer thread:addnull
thread:removenull
thread:removenull
thread:removenull
thread:add1
thread:removenull
thread:removenull
thread:removenull
thread:removenull
thread:removenull
thread:removenull
thread:removenull
thread:removenull
thread:removenull
thread:removenull
thread:removenull
thread:removenull
thread:removenull
thread:removenull
thread:removenull
thread:removenull
thread:removenull
transfer thread:removenull
thread:removenull
thread:removenull
thread:removenull
thread:removenull
transfer thread:removenull
thread:removenull
thread:removenull
thread:removenull
thread:removenull
thread:removenull
thread:add1
thread:removenull
thread:removenull
thread:add1
thread:removenull
thread:add1
thread:removenull
thread:add1
thread:removenull
thread:add1
thread:removenull
thread:add1
thread:removenull
thread:add1
thread:removenull
thread:add1
thread:removenull
thread:add1
thread:removenull
thread:add1
thread:removenull
thread:add1
thread:removenull
thread:add1
thread:removenull
thread:removenull
thread:removenull
thread:removenull
thread:add1
thread:removenull
thread:add1
thread:removenull
thread:add1
thread:removenull
thread:add1
thread:removenull
thread:add1
thread:removenull
thread:add1
thread:removenull
thread:add1
transfer thread:addnull
thread:removenull
thread:add1
thread:removenull
thread:add1
thread:removenull
transfer thread:add1
thread:add1
thread:removenull
thread:add1
thread:removenull
thread:add1
thread:removenull
thread:add1
thread:removenull
thread:removenull
thread:removenull
thread:removenull
thread:removenull
thread:removenull
thread:removenull
thread:removenull
thread:removenull
thread:removenull
thread:removenull
thread:removenull
thread:removenull
thread:removenull
thread:removenull
thread:add1
thread:removenull
thread:add1
thread:removenull
thread:add1
thread:removenull
thread:add1
thread:removenull
thread:add1
thread:removenull
thread:add1
thread:removenull
thread:add1
thread:removenull
thread:add1
thread:removenull
thread:add1
thread:removenull
thread:add1
thread:removenull
thread:add1
thread:removenull
thread:add1
thread:removenull
thread:add1
thread:removenull
thread:add1
thread:removenull
thread:add1
thread:removenull
thread:add1
thread:removenull
thread:add1
thread:removenull
thread:add1
thread:removenull
thread:add1
thread:removenull
thread:add1
thread:removenull
thread:add1
thread:removenull
thread:add1
thread:removenull
thread:add1
thread:removenull
thread:add1
thread:removenull
thread:add1
thread:removenull
thread:add1
]]></system-out>
    <system-err><![CDATA[11月 09, 2022 10:52:35 上午 com.myproject.javastudy.coreJavaTest.TestReflection testLog
信息: test 测试 test
]]></system-err>
  </testcase>
  <testcase name="test" classname="com.myproject.javastudy.coreJavaTest.TestReflection" time="0.007">
    <system-out><![CDATA[transfer thread:removenull
thread:removenull
transfer thread:remove1
thread:add1
transfer thread:add1
thread:removenull
transfer thread:add1
thread:add1
transfer thread:remove1
thread:add1
thread:add1
transfer thread:remove1
thread:add1
thread:add1
thread:add1
thread:add1
thread:add1
thread:add1
transfer thread:add1
transfer thread:addnull
transfer thread:removenull
thread:removenull
thread:removenull
transfer thread:removenull
thread:removenull
thread:removenull
thread:removenull
thread:add1
thread:removenull
thread:removenull
transfer thread:addnull
thread:removenull
thread:addnull
thread:removenull
thread:add1
transfer thread:add1
thread:removenull
thread:add1
thread:removenull
transfer thread:removenull
thread:add1
thread:removenull
thread:removenull
thread:removenull
thread:addnull
transfer thread:addnull
thread:removenull
thread:add1
thread:removenull
thread:add1
thread:removenull
thread:add1
thread:removenull
thread:removenull
thread:add1
thread:removenull
thread:removenull
thread:removenull
transfer thread:removenull
thread:add1
thread:removenull
thread:removenull
thread:add1
thread:removenull
thread:add1
thread:removenull
transfer thread:removenull
thread:removenull
thread:add1
thread:removenull
thread:add1
transfer thread:addnull
thread:removenull
thread:add1
thread:removenull
thread:add1
thread:removenull
thread:add1
transfer thread:add1
thread:removenull
thread:add1
thread:removenull
thread:add1
thread:removenull
thread:add1
transfer thread:removenull
thread:removenull
thread:add1
transfer thread:remove1
thread:removenull
thread:add1
transfer thread:add1
thread:removenull
thread:add1
thread:removenull
thread:add1
thread:removenull
thread:add1
transfer thread:add1
thread:removenull
thread:add1
thread:removenull
thread:add1
thread:removenull
thread:add1
thread:removenull
thread:removenull
thread:add1
transfer thread:remove1
thread:removenull
thread:add1
thread:removenull
thread:add1
thread:removenull
thread:add1
thread:removenull
transfer thread:remove1
thread:add1
thread:removenull
thread:add1
transfer thread:addnull
thread:removenull
thread:add1
thread:removenull
thread:add1
thread:removenull
thread:add1
transfer thread:removenull
thread:removenull
transfer thread:addnull
thread:add1
thread:removenull
thread:add1
thread:removenull
transfer thread:addnull
transfer thread:removenull
thread:removenull
thread:addnull
thread:removenull
thread:add1
thread:removenull
thread:add1
thread:removenull
thread:add1
thread:removenull
thread:add1
thread:removenull
thread:add1
thread:add1
thread:removenull
transfer thread:removenull
thread:add1
thread:removenull
thread:add1
thread:removenull
transfer thread:add1
thread:add1
thread:removenull
thread:removenull
thread:addnull
thread:removenull
transfer thread:addnull
thread:add1
thread:removenull
thread:add1
thread:removenull
thread:add1
thread:removenull
thread:add1
thread:removenull
transfer thread:remove1
thread:add1
thread:add1
thread:remove1
thread:add1
transfer thread:remove1
thread:removenull
thread:add1
transfer thread:add1
transfer thread:addnull
thread:removenull
thread:removenull
thread:removenull
thread:removenull
thread:add1
thread:removenull
thread:add1
thread:removenull
thread:removenull
thread:add1
thread:removenull
thread:add1
transfer thread:removenull
thread:removenull
thread:add1
thread:removenull
thread:add1
thread:removenull
thread:add1
thread:removenull
transfer thread:removenull
thread:add1
thread:removenull
thread:add1
thread:removenull
thread:add1
thread:removenull
transfer thread:addnull
thread:add1
thread:removenull
thread:add1
thread:removenull
thread:add1
thread:removenull
thread:add1
transfer thread:add1
thread:removenull
thread:add1
thread:removenull
thread:add1
thread:removenull
transfer thread:remove1
thread:add1
thread:removenull
thread:add1
thread:removenull
thread:add1
thread:removenull
thread:add1
transfer thread:remove1
thread:removenull
thread:add1
thread:removenull
thread:add1
thread:removenull
thread:add1
transfer thread:add1
thread:removenull
thread:add1
thread:removenull
thread:add1
thread:removenull
thread:add1
thread:removenull
thread:add1
thread:removenull
transfer thread:addnull
thread:add1
thread:removenull
thread:add1
thread:removenull
transfer thread:removenull
thread:add1
thread:removenull
thread:add1
thread:removenull
thread:add1
thread:removenull
thread:add1
thread:removenull
transfer thread:removenull
thread:add1
thread:removenull
thread:removenull
thread:add1
transfer thread:add1
thread:removenull
thread:add1
thread:removenull
thread:add1
thread:removenull
thread:add1
transfer thread:add1
thread:removenull
thread:add1
thread:removenull
thread:removenull
thread:removenull
thread:removenull
transfer thread:removenull
thread:removenull
thread:addnull
thread:removenull
thread:add1
thread:removenull
transfer thread:removenull
thread:add1
thread:removenull
thread:add1
thread:removenull
thread:add1
thread:removenull
thread:add1
thread:removenull
transfer thread:addnull
thread:add1
thread:removenull
thread:add1
thread:removenull
thread:add1
thread:removenull
thread:add1
thread:removenull
transfer thread:addnull
thread:add1
thread:removenull
thread:add1
thread:removenull
thread:add1
thread:removenull
thread:add1
thread:removenull
transfer thread:removenull
thread:add1
thread:removenull
thread:add1
thread:removenull
thread:add1
thread:removenull
transfer thread:removenull
thread:add1
thread:removenull
thread:add1
thread:removenull
thread:add1
thread:removenull
transfer thread:add1
thread:add1
thread:removenull
thread:add1
thread:removenull
thread:add1
thread:removenull
thread:add1
transfer thread:add1
thread:removenull
thread:add1
thread:removenull
thread:add1
thread:removenull
thread:add1
thread:removenull
transfer thread:removenull
thread:add1
thread:removenull
thread:addnull
thread:removenull
thread:add1
thread:removenull
transfer thread:remove1
thread:add1
thread:removenull
thread:add1
thread:removenull
thread:add1
thread:removenull
transfer thread:addnull
thread:add1
thread:removenull
transfer thread:removenull
transfer thread:addnull
thread:addnull
transfer thread:addnull
thread:add1
transfer thread:remove1
thread:add1
thread:add1
thread:add1
thread:removenull
thread:add1
transfer thread:remove1
thread:add1
thread:add1
thread:removenull
thread:add1
thread:removenull
thread:add1
thread:remove1
thread:add1
thread:add1
thread:removenull
transfer thread:add1
thread:add1
thread:removenull
thread:add1
thread:removenull
thread:add1
transfer thread:add1
thread:removenull
thread:add1
thread:removenull
thread:add1
thread:removenull
thread:add1
thread:removenull
transfer thread:remove1
thread:add1
thread:removenull
thread:add1
thread:removenull
thread:add1
thread:removenull
thread:add1
thread:removenull
thread:add1
transfer thread:addnull
transfer thread:removenull
thread:add1
thread:remove1
thread:removenull
thread:removenull
transfer thread:addnull
thread:removenull
thread:add1
thread:removenull
thread:add1
thread:removenull
transfer thread:removenull
thread:add1
thread:removenull
thread:add1
thread:removenull
transfer thread:removenull
thread:add1
thread:removenull
thread:add1
thread:removenull
thread:add1
thread:removenull
thread:add1
thread:removenull
thread:add1
thread:removenull
thread:add1
thread:removenull
thread:add1
thread:removenull
thread:add1
thread:removenull
thread:add1
thread:removenull
thread:add1
transfer thread:add1
thread:add1
thread:add1
thread:add1
transfer thread:add1
thread:add1
thread:add1
thread:add1
thread:add1
thread:add1
thread:add1
transfer thread:remove1
thread:removenull
thread:add1
thread:remove1
thread:add1
thread:removenull
thread:add1
thread:removenull
thread:removenull
thread:removenull
thread:removenull
thread:removenull
thread:removenull
thread:addnull
thread:removenull
transfer thread:removenull
thread:removenull
thread:removenull
thread:removenull
thread:removenull
thread:removenull
transfer thread:addnull
thread:add1
thread:removenull
thread:removenull
thread:add1
thread:removenull
thread:removenull
transfer thread:addnull
thread:add1
thread:removenull
thread:add1
thread:removenull
thread:add1
thread:removenull
thread:add1
thread:removenull
thread:add1
transfer thread:remove1
thread:add1
thread:remove1
thread:add1
thread:removenull
transfer thread:removenull
thread:add1
thread:removenull
thread:add1
thread:removenull
thread:add1
thread:removenull
transfer thread:addnull
thread:add1
thread:removenull
thread:add1
thread:removenull
transfer thread:addnull
thread:add1
thread:removenull
thread:removenull
thread:addnull
thread:removenull
thread:add1
thread:removenull
transfer thread:removenull
thread:add1
thread:removenull
thread:add1
thread:removenull
transfer thread:removenull
thread:add1
thread:removenull
thread:add1
thread:removenull
thread:add1
thread:removenull
thread:add1
thread:removenull
thread:add1
thread:removenull
thread:add1
thread:removenull
thread:add1
transfer thread:add1
thread:removenull
thread:add1
thread:removenull
thread:add1
thread:removenull
transfer thread:addnull
thread:add1
thread:removenull
thread:add1
thread:removenull
thread:add1
thread:removenull
thread:add1
transfer thread:remove1
thread:removenull
thread:add1
thread:removenull
transfer thread:removenull
thread:add1
thread:removenull
thread:add1
thread:removenull
thread:add1
thread:removenull
transfer thread:addnull
thread:add1
thread:removenull
thread:add1
thread:removenull
thread:removenull
transfer thread:removenull
thread:removenull
thread:add1
thread:removenull
transfer thread:add1
thread:removenull
thread:add1
thread:removenull
thread:add1
thread:removenull
transfer thread:addnull
thread:add1
thread:removenull
thread:add1
thread:removenull
transfer thread:removenull
thread:removenull
thread:removenull
transfer thread:removenull
thread:removenull
thread:removenull
thread:add1
thread:removenull
thread:removenull
thread:addnull
thread:removenull
thread:add1
thread:removenull
thread:add1
thread:removenull
thread:add1
thread:removenull
thread:add1
thread:removenull
transfer thread:addnull
thread:add1
thread:removenull
thread:add1
thread:removenull
thread:add1
thread:removenull
thread:add1
thread:add1
thread:removenull
thread:add1
thread:removenull
thread:add1
thread:removenull
thread:add1
thread:add1
thread:removenull
thread:add1
thread:removenull
transfer thread:remove1
thread:add1
transfer thread:add1
thread:removenull
thread:add1
thread:removenull
thread:add1
thread:removenull
thread:add1
thread:removenull
thread:add1
thread:removenull
thread:add1
thread:removenull
thread:add1
thread:removenull
thread:add1
thread:removenull
thread:add1
thread:removenull
thread:add1
thread:removenull
thread:add1
thread:removenull
thread:add1
thread:removenull
thread:add1
thread:removenull
thread:add1
thread:removenull
thread:add1
thread:removenull
thread:add1
thread:removenull
thread:add1
thread:removenull
thread:add1
thread:removenull
thread:add1
thread:removenull
thread:add1
thread:removenull
thread:add1
thread:removenull
thread:add1
thread:removenull
thread:add1
thread:removenull
thread:add1
thread:removenull
thread:add1
thread:removenull
thread:removenull
thread:removenull
thread:removenull
thread:removenull
thread:removenull
thread:removenull
thread:removenull
thread:removenull
thread:add1
thread:removenull
thread:remove1
thread:add1
thread:removenull
thread:removenull
thread:add1
thread:removenull
thread:removenull
thread:addnull
thread:removenull
thread:add1
thread:removenull
thread:add1
thread:removenull
thread:add1
thread:removenull
transfer thread:add1
thread:add1
thread:removenull
thread:add1
thread:removenull
thread:add1
thread:removenull
thread:add1
thread:removenull
thread:add1
transfer thread:remove1
thread:removenull
thread:add1
thread:removenull
thread:add1
thread:removenull
thread:add1
thread:removenull
transfer thread:remove1
thread:add1
thread:removenull
thread:add1
thread:removenull
thread:add1
thread:removenull
thread:add1
transfer thread:add1
thread:removenull
thread:add1
thread:removenull
thread:add1
thread:removenull
thread:add1
thread:removenull
transfer thread:addnull
thread:add1
thread:removenull
thread:add1
thread:removenull
thread:add1
thread:removenull
thread:add1
transfer thread:remove1
thread:removenull
thread:add1
thread:removenull
thread:add1
thread:removenull
thread:add1
thread:removenull
thread:add1
transfer thread:removenull
thread:removenull
thread:add1
thread:removenull
thread:add1
thread:removenull
thread:add1
transfer thread:add1
thread:removenull
thread:add1
thread:removenull
thread:add1
thread:removenull
thread:add1
thread:removenull
thread:add1
transfer thread:addnull
thread:removenull
thread:add1
thread:removenull
thread:add1
thread:removenull
transfer thread:removenull
thread:removenull
thread:add1
thread:removenull
thread:add1
thread:removenull
thread:removenull
transfer thread:remove1
thread:removenull
thread:removenull
thread:removenull
thread:add1
thread:removenull
transfer thread:addnull
thread:add1
thread:removenull
thread:add1
thread:removenull
thread:add1
transfer thread:add1
thread:removenull
thread:add1
thread:removenull
thread:add1
thread:removenull
thread:add1
thread:removenull
transfer thread:remove1
thread:add1
thread:add1
thread:removenull
thread:add1
thread:removenull
thread:add1
transfer thread:remove1
thread:add1
thread:removenull
thread:add1
thread:removenull
thread:add1
transfer thread:add1
thread:add1
thread:remove1
thread:add1
thread:add1
thread:add1
thread:add1
thread:add1
thread:removenull
thread:add1
thread:removenull
thread:add1
thread:removenull
transfer thread:addnull
thread:removenull
thread:add1
thread:removenull
transfer thread:removenull
thread:removenull
thread:add1
thread:removenull
thread:add1
thread:removenull
thread:add1
thread:removenull
thread:removenull
transfer thread:removenull
thread:add1
thread:removenull
thread:removenull
thread:removenull
thread:add1
thread:removenull
thread:add1
transfer thread:add1
thread:removenull
thread:add1
thread:removenull
thread:add1
thread:removenull
thread:add1
transfer thread:add1
thread:removenull
thread:add1
thread:removenull
thread:add1
thread:removenull
thread:add1
thread:removenull
thread:add1
thread:removenull
transfer thread:removenull
thread:add1
thread:removenull
thread:add1
thread:removenull
transfer thread:remove1
thread:add1
thread:add1
thread:add1
thread:add1
thread:add1
thread:add1
thread:removenull
thread:add1
thread:add1
thread:add1
thread:remove1
thread:add1
thread:removenull
thread:add1
thread:removenull
thread:add1
thread:removenull
thread:add1
thread:removenull
thread:add1
thread:removenull
thread:add1
thread:removenull
thread:add1
thread:removenull
thread:add1
thread:removenull
thread:add1
thread:removenull
thread:add1
thread:removenull
thread:add1
thread:removenull
thread:add1
thread:removenull
thread:add1
thread:removenull
thread:add1
thread:add1
thread:removenull
thread:add1
thread:removenull
thread:add1
thread:removenull
thread:add1
thread:removenull
thread:add1
thread:removenull
thread:add1
thread:removenull
thread:add1
thread:removenull
thread:add1
thread:removenull
thread:add1
thread:removenull
thread:add1
thread:removenull
thread:add1
thread:removenull
thread:add1
thread:removenull
thread:add1
thread:removenull
thread:add1
thread:removenull
thread:add1
thread:removenull
thread:add1
thread:removenull
thread:add1
thread:removenull
thread:add1
thread:removenull
thread:add1
thread:removenull
thread:add1
thread:removenull
thread:add1
thread:removenull
thread:add1
thread:removenull
thread:add1
thread:removenull
thread:add1
thread:removenull
thread:add1
thread:add1
thread:removenull
thread:add1
thread:removenull
thread:add1
thread:removenull
thread:add1
thread:add1
thread:add1
thread:add1
thread:add1
thread:remove1
thread:add1
thread:removenull
thread:add1
thread:removenull
thread:add1
thread:removenull
thread:add1
thread:removenull
thread:add1
thread:removenull
thread:removenull
thread:add1
thread:removenull
thread:add1
thread:removenull
thread:add1
thread:removenull
thread:add1
thread:removenull
thread:add1
thread:removenull
thread:add1
thread:removenull
thread:add1
thread:removenull
thread:add1
thread:removenull
thread:add1
thread:removenull
thread:add1
thread:removenull
thread:add1
thread:removenull
thread:add1
thread:removenull
thread:add1
thread:removenull
thread:add1
thread:removenull
thread:add1
thread:removenull
thread:removenull
thread:add1
thread:removenull
thread:add1
thread:removenull
transfer thread:add1
thread:add1
thread:removenull
thread:add1
thread:removenull
thread:add1
thread:removenull
thread:removenull
thread:add1
thread:removenull
thread:add1
transfer thread:addnull
thread:removenull
thread:add1
thread:removenull
thread:add1
thread:removenull
thread:add1
thread:removenull
thread:add1
thread:removenull
thread:add1
thread:removenull
thread:removenull
thread:removenull
transfer thread:remove1
thread:add1
thread:removenull
thread:removenull
thread:add1
thread:removenull
transfer thread:removenull
thread:add1
thread:removenull
thread:add1
thread:removenull
thread:add1
thread:removenull
thread:add1
thread:removenull
thread:removenull
thread:add1
thread:removenull
thread:add1
thread:removenull
thread:add1
thread:removenull
thread:removenull
thread:add1
thread:removenull
thread:add1
thread:removenull
thread:add1
thread:removenull
thread:add1
thread:removenull
thread:add1
thread:removenull
thread:add1
thread:removenull
thread:add1
thread:removenull
thread:removenull
thread:removenull
thread:removenull
thread:removenull
thread:removenull
thread:removenull
thread:removenull
thread:removenull
thread:removenull
thread:removenull
thread:removenull
thread:removenull
thread:removenull
thread:removenull
thread:removenull
thread:removenull
thread:removenull
transfer thread:add1
thread:removenull
thread:removenull
thread:removenull
thread:removenull
thread:removenull
thread:removenull
thread:removenull
thread:removenull
thread:removenull
thread:removenull
thread:removenull
thread:removenull
thread:removenull
thread:removenull
thread:add1
thread:removenull
thread:removenull
thread:add1
thread:removenull
thread:add1
thread:removenull
thread:add1
thread:removenull
thread:add1
thread:removenull
thread:add1
thread:add1
thread:removenull
thread:add1
thread:add1
thread:removenull
thread:add1
thread:removenull
thread:removenull
thread:removenull
thread:removenull
thread:add1
thread:removenull
thread:add1
thread:removenull
thread:add1
thread:removenull
thread:add1
thread:removenull
thread:add1
thread:removenull
thread:add1
thread:removenull
thread:add1
thread:removenull
thread:add1
thread:removenull
thread:add1
thread:removenull
thread:add1
thread:removenull
thread:add1
thread:removenull
thread:add1
thread:removenull
thread:add1
thread:removenull
thread:add1
thread:removenull
thread:add1
thread:removenull
thread:add1
thread:removenull
thread:add1
thread:removenull
thread:add1
thread:removenull
thread:add1
thread:removenull
thread:add1
thread:removenull
thread:add1
thread:removenull
thread:add1
thread:removenull
thread:add1
thread:removenull
thread:removenull
thread:addnull
thread:removenull
thread:add1
thread:removenull
thread:add1
thread:removenull
thread:add1
thread:removenull
thread:add1
thread:removenull
thread:add1
thread:removenull
thread:add1
thread:removenull
thread:removenull
thread:add1
thread:removenull
thread:add1
thread:removenull
thread:add1
thread:removenull
thread:add1
thread:removenull
thread:add1
thread:removenull
thread:add1
thread:removenull
thread:add1
thread:removenull
thread:add1
thread:removenull
thread:add1
thread:removenull
thread:add1
thread:removenull
thread:add1
thread:removenull
thread:add1
thread:removenull
thread:add1
thread:removenull
thread:add1
thread:removenull
thread:add1
thread:removenull
thread:add1
thread:removenull
thread:add1
thread:removenull
thread:add1
thread:removenull
thread:add1
thread:removenull
thread:add1
thread:removenull
thread:add1
thread:removenull
thread:add1
thread:removenull
thread:add1
thread:removenull
thread:add1
thread:removenull
thread:add1
thread:removenull
thread:add1
thread:removenull
thread:add1
thread:removenull
thread:add1
thread:removenull
thread:add1
thread:removenull
thread:add1
thread:removenull
thread:add1
thread:removenull
thread:add1
thread:removenull
thread:add1
thread:removenull
thread:add1
thread:removenull
thread:add1
thread:removenull
thread:add1
thread:removenull
thread:add1
thread:removenull
thread:add1
thread:removenull
thread:add1
thread:removenull
thread:add1
thread:removenull
thread:add1
thread:removenull
thread:add1
thread:removenull
thread:add1
thread:removenull
thread:add1
thread:removenull
thread:add1
thread:removenull
thread:add1
transfer thread:add1
thread:removenull
thread:add1
thread:removenull
thread:add1
thread:removenull
thread:add1
thread:removenull
thread:add1
thread:removenull
thread:add1
thread:removenull
thread:add1
thread:removenull
thread:add1
thread:removenull
thread:add1
thread:removenull
thread:add1
thread:removenull
thread:add1
thread:removenull
thread:add1
thread:removenull
thread:add1
thread:removenull
thread:add1
thread:removenull
thread:add1
thread:removenull
thread:add1
thread:removenull
thread:add1
thread:removenull
transfer thread:remove1
thread:add1
thread:removenull
thread:add1
thread:removenull
thread:add1
thread:removenull
thread:add1
thread:removenull
transfer thread:remove1
thread:removenull
thread:removenull
thread:removenull
thread:removenull
thread:removenull
thread:removenull
transfer thread:addnull
thread:add1
thread:removenull
thread:removenull
thread:removenull
thread:add1
transfer thread:addnull
thread:removenull
thread:remove1
thread:add1
thread:removenull
thread:add1
thread:removenull
thread:add1
thread:removenull
thread:add1
thread:removenull
transfer thread:removenull
thread:add1
thread:removenull
thread:add1
thread:removenull
thread:add1
thread:removenull
thread:add1
thread:removenull
thread:add1
thread:removenull
thread:add1
thread:removenull
thread:add1
thread:removenull
thread:add1
thread:removenull
transfer thread:remove1
thread:add1
thread:removenull
thread:add1
thread:removenull
thread:add1
thread:removenull
thread:add1
thread:removenull
thread:add1
thread:removenull
thread:add1
thread:removenull
thread:add1
thread:removenull
thread:add1
thread:removenull
thread:add1
thread:removenull
thread:add1
thread:removenull
thread:add1
thread:removenull
thread:add1
thread:removenull
thread:removenull
thread:add1
thread:removenull
thread:add1
thread:removenull
transfer thread:addnull
thread:add1
thread:removenull
thread:removenull
thread:add1
thread:removenull
transfer thread:addnull
thread:removenull
thread:add1
thread:removenull
thread:add1
thread:removenull
thread:add1
thread:removenull
thread:add1
thread:removenull
transfer thread:removenull
thread:add1
thread:removenull
thread:add1
thread:removenull
transfer thread:removenull
thread:add1
thread:removenull
thread:removenull
thread:add1
thread:removenull
thread:add1
thread:removenull
thread:removenull
thread:add1
transfer thread:addnull
thread:removenull
thread:removenull
thread:add1
transfer thread:addnull
thread:removenull
thread:add1
transfer thread:remove1
thread:removenull
thread:add1
thread:removenull
thread:add1
thread:removenull
transfer thread:removenull
thread:add1
thread:removenull
thread:add1
transfer thread:add1
thread:removenull
thread:add1
thread:removenull
transfer thread:add1
thread:add1
thread:removenull
thread:add1
thread:removenull
thread:add1
thread:removenull
thread:add1
thread:removenull
thread:add1
thread:removenull
thread:add1
thread:removenull
thread:add1
thread:removenull
thread:add1
thread:removenull
thread:add1
thread:removenull
thread:add1
thread:removenull
thread:add1
thread:removenull
transfer thread:remove1
thread:add1
thread:removenull
thread:removenull
thread:addnull
thread:removenull
thread:add1
thread:removenull
thread:add1
transfer thread:removenull
thread:removenull
thread:add1
thread:removenull
thread:add1
thread:removenull
thread:add1
thread:removenull
transfer thread:addnull
thread:add1
thread:removenull
thread:add1
thread:removenull
transfer thread:addnull
thread:add1
thread:removenull
thread:add1
thread:removenull
thread:add1
thread:removenull
thread:add1
thread:removenull
thread:add1
thread:removenull
thread:add1
thread:removenull
thread:add1
thread:removenull
thread:add1
thread:removenull
thread:add1
thread:removenull
thread:add1
thread:removenull
thread:add1
thread:removenull
thread:add1
transfer thread:removenull
thread:removenull
thread:add1
thread:removenull
thread:add1
thread:removenull
transfer thread:removenull
thread:add1
thread:removenull
thread:add1
thread:removenull
thread:add1
transfer thread:add1
thread:removenull
thread:add1
thread:removenull
transfer thread:add1
thread:add1
thread:removenull
thread:add1
thread:removenull
thread:add1
transfer thread:remove1
thread:removenull
thread:add1
thread:removenull
thread:add1
transfer thread:remove1
thread:removenull
thread:add1
thread:removenull
thread:add1
thread:removenull
thread:add1
thread:removenull
transfer thread:addnull
thread:add1
thread:add1
thread:removenull
transfer thread:removenull
thread:add1
thread:removenull
thread:add1
thread:removenull
thread:add1
thread:removenull
thread:add1
thread:removenull
thread:add1
thread:removenull
thread:removenull
thread:addnull
thread:removenull
thread:addnull
thread:removenull
thread:add1
thread:add1
transfer thread:addnull
thread:removenull
thread:add1
thread:removenull
thread:add1
thread:removenull
thread:add1
thread:removenull
thread:add1
thread:removenull
thread:add1
thread:removenull
thread:add1
thread:removenull
thread:add1
thread:removenull
thread:removenull
thread:add1
thread:removenull
thread:removenull
thread:removenull
thread:removenull
thread:add1
transfer thread:removenull
thread:removenull
thread:add1
thread:removenull
thread:add1
thread:removenull
thread:add1
thread:removenull
thread:add1
transfer thread:addnull
thread:removenull
thread:add1
thread:removenull
thread:add1
thread:removenull
thread:add1
thread:removenull
thread:removenull
thread:add1
thread:removenull
transfer thread:removenull
thread:add1
thread:removenull
thread:removenull
thread:add1
thread:removenull
thread:remove1
thread:add1
thread:removenull
thread:add1
thread:removenull
thread:add1
thread:removenull
transfer thread:addnull
thread:add1
thread:removenull
thread:add1
thread:removenull
thread:removenull
thread:add1
thread:removenull
thread:add1
transfer thread:add1
thread:removenull
thread:add1
thread:removenull
thread:add1
thread:removenull
thread:add1
thread:removenull
thread:add1
thread:removenull
thread:add1
thread:removenull
thread:add1
thread:removenull
transfer thread:remove1
thread:add1
thread:removenull
thread:add1
thread:removenull
thread:add1
thread:removenull
thread:add1
thread:removenull
thread:add1
transfer thread:addnull
thread:removenull
thread:add1
thread:removenull
thread:add1
transfer thread:removenull
thread:removenull
thread:add1
thread:removenull
thread:add1
thread:removenull
thread:add1
thread:removenull
thread:add1
thread:removenull
thread:add1
thread:removenull
thread:add1
thread:removenull
thread:add1
thread:removenull
transfer thread:removenull
thread:removenull
thread:addnull
thread:removenull
thread:add1
transfer thread:add1
thread:removenull
thread:add1
thread:removenull
thread:add1
thread:removenull
thread:add1
transfer thread:add1
thread:removenull
thread:add1
thread:removenull
thread:add1
thread:removenull
thread:add1
thread:removenull
thread:add1
thread:removenull
thread:add1
thread:removenull
thread:add1
thread:removenull
thread:add1
thread:removenull
thread:add1
thread:removenull
thread:add1
thread:removenull
thread:add1
thread:removenull
thread:add1
thread:removenull
thread:add1
thread:removenull
thread:add1
thread:removenull
thread:add1
thread:removenull
thread:add1
thread:removenull
thread:add1
thread:removenull
thread:add1
thread:removenull
thread:add1
thread:removenull
thread:add1
thread:removenull
thread:add1
thread:removenull
thread:add1
thread:removenull
thread:add1
thread:removenull
thread:add1
thread:removenull
thread:add1
thread:removenull
thread:add1
thread:removenull
thread:add1
thread:removenull
thread:add1
thread:removenull
thread:add1
thread:removenull
thread:add1
thread:removenull
thread:add1
thread:removenull
thread:add1
thread:removenull
thread:add1
thread:removenull
thread:add1
thread:removenull
thread:add1
thread:removenull
thread:add1
thread:removenull
thread:add1
thread:removenull
thread:add1
thread:removenull
thread:add1
thread:removenull
thread:add1
thread:removenull
thread:removenull
thread:add1
thread:removenull
thread:add1
thread:removenull
thread:removenull
thread:removenull
transfer thread:remove1
thread:removenull
thread:removenull
thread:add1
thread:removenull
transfer thread:removenull
thread:removenull
thread:removenull
thread:add1
thread:removenull
thread:addnull
thread:removenull
transfer thread:addnull
thread:add1
thread:removenull
thread:add1
thread:removenull
thread:add1
thread:removenull
transfer thread:addnull
thread:add1
thread:removenull
thread:add1
thread:removenull
thread:add1
thread:removenull
thread:add1
thread:removenull
thread:add1
thread:removenull
transfer thread:removenull
thread:add1
thread:removenull
thread:removenull
transfer thread:removenull
thread:removenull
thread:removenull
thread:removenull
thread:removenull
thread:removenull
thread:removenull
thread:add1
thread:removenull
thread:add1
thread:removenull
transfer thread:addnull
thread:add1
thread:removenull
thread:add1
thread:removenull
thread:add1
thread:removenull
transfer thread:addnull
thread:add1
thread:removenull
thread:add1
thread:removenull
thread:add1
thread:removenull
thread:add1
thread:removenull
thread:add1
thread:add1
transfer thread:remove1
thread:add1
thread:remove1
thread:add1
thread:removenull
thread:add1
thread:removenull
thread:add1
transfer thread:removenull
thread:removenull
thread:add1
thread:add1
thread:removenull
thread:add1
transfer thread:add1
thread:removenull
thread:add1
thread:removenull
thread:add1
thread:removenull
thread:add1
thread:removenull
thread:add1
thread:removenull
transfer thread:addnull
thread:add1
thread:removenull
thread:add1
thread:remove1
thread:add1
thread:removenull
transfer thread:remove1
thread:add1
thread:removenull
thread:add1
thread:removenull
thread:add1
thread:removenull
thread:add1
transfer thread:remove1
thread:removenull
thread:removenull
thread:add1
thread:removenull
thread:removenull
thread:add1
thread:removenull
thread:removenull
thread:add1
transfer thread:addnull
thread:removenull
thread:add1
thread:removenull
thread:add1
thread:removenull
thread:add1
thread:removenull
thread:add1
transfer thread:add1
thread:add1
thread:removenull
thread:add1
thread:removenull
thread:add1
transfer thread:removenull
thread:removenull
thread:add1
thread:removenull
thread:add1
thread:removenull
thread:add1
transfer thread:remove1
thread:removenull
thread:add1
thread:removenull
thread:add1
thread:removenull
thread:add1
transfer thread:add1
thread:removenull
thread:add1
thread:removenull
thread:add1
thread:removenull
transfer thread:addnull
thread:add1
thread:removenull
thread:add1
thread:removenull
thread:add1
thread:removenull
transfer thread:removenull
thread:add1
thread:removenull
thread:add1
thread:removenull
thread:add1
thread:removenull
transfer thread:remove1
thread:add1
thread:removenull
thread:add1
thread:removenull
thread:add1
transfer thread:addnull
thread:removenull
thread:add1
thread:removenull
thread:add1
thread:removenull
thread:add1
transfer thread:add1
thread:add1
thread:removenull
thread:add1
thread:removenull
thread:add1
transfer thread:removenull
thread:removenull
thread:add1
thread:removenull
thread:add1
thread:removenull
transfer thread:removenull
thread:add1
thread:removenull
thread:add1
thread:removenull
thread:add1
thread:removenull
transfer thread:addnull
thread:add1
thread:removenull
transfer thread:add1
thread:removenull
thread:removenull
thread:add1
thread:removenull
transfer thread:removenull
thread:add1
thread:removenull
thread:add1
transfer thread:remove1
thread:removenull
thread:add1
thread:removenull
thread:add1
transfer thread:add1
thread:removenull
thread:add1
thread:removenull
transfer thread:addnull
thread:add1
thread:removenull
thread:add1
thread:removenull
transfer thread:removenull
thread:add1
thread:removenull
transfer thread:remove1
thread:add1
thread:removenull
thread:add1
thread:removenull
transfer thread:addnull
thread:add1
thread:removenull
thread:add1
transfer thread:addnull
thread:removenull
thread:add1
thread:removenull
thread:add1
thread:removenull
thread:add1
thread:removenull
thread:add1
thread:removenull
thread:add1
thread:removenull
transfer thread:removenull
thread:add1
thread:removenull
thread:add1
thread:removenull
thread:add1
transfer thread:remove1
thread:add1
thread:remove1
thread:add1
thread:add1
thread:remove1
thread:add1
thread:removenull
transfer thread:addnull
thread:add1
thread:removenull
thread:add1
thread:removenull
thread:add1
thread:removenull
thread:add1
thread:removenull
thread:add1
thread:removenull
thread:removenull
thread:removenull
transfer thread:removenull
thread:removenull
thread:removenull
thread:removenull
thread:removenull
thread:add1
thread:removenull
transfer thread:addnull
thread:add1
thread:removenull
thread:add1
thread:removenull
thread:add1
thread:removenull
thread:removenull
transfer thread:addnull
thread:removenull
transfer thread:removenull
thread:removenull
thread:removenull
thread:removenull
transfer thread:removenull
transfer thread:addnull
thread:addnull
thread:removenull
thread:removenull
transfer thread:addnull
transfer thread:removenull
thread:removenull
thread:removenull
transfer thread:removenull
thread:add1
transfer thread:addnull
thread:removenull
thread:removenull
transfer thread:remove1
thread:removenull
transfer thread:addnull
thread:add1
thread:removenull
thread:add1
transfer thread:remove1
transfer thread:add1
thread:removenull
thread:add1
thread:removenull
transfer thread:add1
transfer thread:remove1
thread:add1
thread:removenull
thread:add1
thread:removenull
transfer thread:removenull
transfer thread:addnull
thread:removenull
thread:add1
thread:removenull
transfer thread:addnull
thread:add1
transfer thread:remove1
thread:removenull
thread:removenull
thread:add1
transfer thread:addnull
thread:removenull
transfer thread:removenull
thread:removenull
thread:add1
thread:removenull
thread:removenull
transfer thread:removenull
transfer thread:add1
thread:removenull
thread:add1
thread:removenull
thread:add1
thread:removenull
transfer thread:addnull
thread:removenull
transfer thread:removenull
thread:add1
thread:removenull
thread:add1
transfer thread:addnull
thread:removenull
transfer thread:removenull
thread:add1
thread:removenull
thread:add1
transfer thread:addnull
transfer thread:remove1
thread:add1
thread:removenull
thread:add1
transfer thread:add1
thread:add1
thread:removenull
transfer thread:remove1
thread:removenull
thread:add1
thread:removenull
thread:removenull
thread:add1
transfer thread:removenull
thread:add1
thread:removenull
transfer thread:addnull
thread:add1
thread:removenull
thread:add1
thread:removenull
transfer thread:add1
transfer thread:removenull
thread:add1
thread:add1
thread:removenull
transfer thread:add1
thread:add1
thread:removenull
transfer thread:removenull
thread:add1
thread:removenull
thread:add1
thread:removenull
thread:add1
thread:removenull
thread:add1
transfer thread:remove1
transfer thread:add1
thread:removenull
thread:add1
thread:removenull
thread:add1
thread:removenull
thread:add1
transfer thread:remove1
thread:removenull
thread:removenull
transfer thread:add1
thread:removenull
thread:removenull
thread:removenull
thread:add1
transfer thread:addnull
thread:removenull
thread:removenull
thread:removenull
thread:add1
thread:removenull
transfer thread:removenull
thread:add1
thread:removenull
thread:add1
thread:removenull
thread:add1
thread:removenull
transfer thread:removenull
thread:add1
thread:removenull
thread:add1
thread:removenull
thread:add1
thread:removenull
thread:add1
thread:removenull
transfer thread:add1
thread:add1
thread:removenull
thread:add1
thread:removenull
thread:add1
thread:removenull
transfer thread:addnull
thread:add1
thread:removenull
thread:add1
thread:removenull
thread:add1
thread:removenull
thread:add1
thread:removenull
transfer thread:removenull
thread:add1
thread:removenull
thread:add1
transfer thread:remove1
thread:removenull
thread:add1
thread:removenull
thread:add1
thread:removenull
thread:add1
transfer thread:add1
thread:removenull
thread:add1
thread:removenull
transfer thread:addnull
thread:add1
thread:removenull
thread:add1
thread:removenull
thread:add1
thread:removenull
thread:add1
thread:removenull
thread:add1
thread:add1
transfer thread:remove1
thread:add1
thread:removenull
thread:add1
thread:removenull
thread:removenull
transfer thread:removenull
thread:removenull
thread:removenull
thread:removenull
thread:removenull
thread:removenull
thread:removenull
thread:removenull
thread:removenull
thread:removenull
transfer thread:addnull
thread:removenull
thread:removenull
thread:add1
thread:removenull
thread:add1
transfer thread:add1
thread:removenull
thread:add1
thread:removenull
thread:add1
thread:removenull
thread:add1
thread:removenull
thread:add1
transfer thread:remove1
thread:removenull
thread:add1
thread:removenull
thread:add1
thread:removenull
thread:add1
thread:removenull
thread:add1
thread:removenull
thread:add1
thread:removenull
thread:add1
thread:removenull
thread:add1
thread:removenull
thread:add1
thread:removenull
thread:add1
thread:add1
thread:removenull
thread:removenull
transfer thread:remove1
thread:removenull
transfer thread:addnull
thread:removenull
thread:removenull
thread:removenull
transfer thread:addnull
thread:removenull
thread:removenull
thread:removenull
thread:removenull
thread:removenull
thread:add1
thread:removenull
thread:add1
thread:removenull
thread:add1
thread:removenull
thread:add1
thread:removenull
thread:add1
thread:removenull
thread:add1
thread:removenull
thread:add1
thread:removenull
thread:add1
thread:removenull
thread:add1
thread:removenull
thread:add1
thread:removenull
thread:add1
thread:removenull
thread:add1
thread:removenull
thread:add1
transfer thread:removenull
thread:removenull
thread:add1
thread:removenull
thread:add1
thread:removenull
thread:add1
thread:removenull
thread:add1
thread:removenull
thread:add1
thread:removenull
transfer thread:add1
thread:removenull
transfer thread:removenull
thread:removenull
thread:removenull
thread:add1
thread:removenull
thread:removenull
thread:add1
thread:removenull
thread:removenull
thread:add1
thread:removenull
thread:add1
thread:removenull
thread:add1
thread:removenull
thread:add1
thread:removenull
thread:add1
thread:removenull
thread:add1
thread:removenull
thread:add1
thread:removenull
thread:add1
thread:removenull
thread:add1
thread:add1
thread:removenull
thread:add1
thread:removenull
thread:add1
thread:removenull
thread:add1
thread:removenull
thread:add1
thread:add1
thread:remove1
thread:add1
thread:removenull
thread:add1
thread:removenull
thread:add1
thread:removenull
thread:add1
thread:removenull
thread:add1
transfer thread:addnull
thread:removenull
thread:add1
thread:removenull
thread:add1
thread:removenull
thread:add1
thread:add1
thread:removenull
thread:add1
thread:removenull
thread:add1
thread:add1
thread:removenull
thread:add1
thread:removenull
transfer thread:removenull
thread:add1
thread:removenull
thread:add1
thread:removenull
thread:add1
transfer thread:add1
thread:add1
thread:removenull
thread:add1
]]></system-out>
    <system-err><![CDATA[11月 09, 2022 10:52:35 上午 com.myproject.javastudy.coreJavaTest.TestReflection test
信息: com.myproject.javastudy.reflect.TestReflectionCon
11月 09, 2022 10:52:35 上午 com.myproject.javastudy.coreJavaTest.TestReflection test
信息: com.myproject.javastudy.reflect.TestReflectionCon
]]></system-err>
  </testcase>
</testsuite>