<?xml version="1.0" encoding="UTF-8"?>
<testsuite xmlns:xsi="http://www.w3.org/2001/XMLSchema-instance" xsi:noNamespaceSchemaLocation="https://maven.apache.org/surefire/maven-surefire-plugin/xsd/surefire-test-report-3.0.xsd" version="3.0" name="com.myproject.javastudy.SDTest" time="0.064" tests="1" errors="0" skipped="0" failures="0">
  <properties>
    <property name="java.specification.version" value="17"/>
    <property name="sun.cpu.isalist" value="amd64"/>
    <property name="sun.jnu.encoding" value="GBK"/>
    <property name="java.class.path" value="D:\work\code\vscode\java\myProjectJava\javase\target\test-classes;D:\work\code\vscode\java\myProjectJava\javase\target\classes;C:\Users\31446\.m2\repository\org\junit\jupiter\junit-jupiter-api\5.8.2\junit-jupiter-api-5.8.2.jar;C:\Users\31446\.m2\repository\org\opentest4j\opentest4j\1.2.0\opentest4j-1.2.0.jar;C:\Users\31446\.m2\repository\org\junit\platform\junit-platform-commons\1.8.2\junit-platform-commons-1.8.2.jar;C:\Users\31446\.m2\repository\org\apiguardian\apiguardian-api\1.1.2\apiguardian-api-1.1.2.jar;"/>
    <property name="java.vm.vendor" value="Oracle Corporation"/>
    <property name="sun.arch.data.model" value="64"/>
    <property name="user.variant" value=""/>
    <property name="java.vendor.url" value="https://java.oracle.com/"/>
    <property name="user.timezone" value="Asia/Shanghai"/>
    <property name="os.name" value="Windows 10"/>
    <property name="java.vm.specification.version" value="17"/>
    <property name="sun.java.launcher" value="SUN_STANDARD"/>
    <property name="user.country" value="CN"/>
    <property name="sun.boot.library.path" value="D:\program files\jdk\jdk-17\bin"/>
    <property name="sun.java.command" value="C:\Users\31446\AppData\Local\Temp\surefire411622157142972853\surefirebooter8445806467268973733.jar C:\Users\31446\AppData\Local\Temp\surefire411622157142972853 2022-01-16T02-45-05_693-jvmRun1 surefire7690898500137513244tmp surefire_08126868767026099420tmp"/>
    <property name="jdk.debug" value="release"/>
    <property name="surefire.test.class.path" value="D:\work\code\vscode\java\myProjectJava\javase\target\test-classes;D:\work\code\vscode\java\myProjectJava\javase\target\classes;C:\Users\31446\.m2\repository\org\junit\jupiter\junit-jupiter-api\5.8.2\junit-jupiter-api-5.8.2.jar;C:\Users\31446\.m2\repository\org\opentest4j\opentest4j\1.2.0\opentest4j-1.2.0.jar;C:\Users\31446\.m2\repository\org\junit\platform\junit-platform-commons\1.8.2\junit-platform-commons-1.8.2.jar;C:\Users\31446\.m2\repository\org\apiguardian\apiguardian-api\1.1.2\apiguardian-api-1.1.2.jar;"/>
    <property name="sun.cpu.endian" value="little"/>
    <property name="user.home" value="C:\Users\31446"/>
    <property name="user.language" value="zh"/>
    <property name="java.specification.vendor" value="Oracle Corporation"/>
    <property name="java.version.date" value="2021-10-19"/>
    <property name="java.home" value="D:\program files\jdk\jdk-17"/>
    <property name="file.separator" value="\"/>
    <property name="basedir" value="D:\work\code\vscode\java\myProjectJava\javase"/>
    <property name="java.vm.compressedOopsMode" value="Zero based"/>
    <property name="line.separator" value="&#10;"/>
    <property name="java.vm.specification.vendor" value="Oracle Corporation"/>
    <property name="java.specification.name" value="Java Platform API Specification"/>
    <property name="surefire.real.class.path" value="C:\Users\31446\AppData\Local\Temp\surefire411622157142972853\surefirebooter8445806467268973733.jar"/>
    <property name="user.script" value=""/>
    <property name="sun.management.compiler" value="HotSpot 64-Bit Tiered Compilers"/>
    <property name="java.runtime.version" value="17.0.1+12-LTS-39"/>
    <property name="user.name" value="31446"/>
    <property name="path.separator" value=";"/>
    <property name="os.version" value="10.0"/>
    <property name="java.runtime.name" value="Java(TM) SE Runtime Environment"/>
    <property name="file.encoding" value="GBK"/>
    <property name="java.vm.name" value="Java HotSpot(TM) 64-Bit Server VM"/>
    <property name="localRepository" value="C:\Users\31446\.m2\repository"/>
    <property name="java.vendor.url.bug" value="https://bugreport.java.com/bugreport/"/>
    <property name="java.io.tmpdir" value="C:\Users\31446\AppData\Local\Temp\"/>
    <property name="idea.version" value="2021.3.1"/>
    <property name="java.version" value="17.0.1"/>
    <property name="user.dir" value="D:\work\code\vscode\java\myProjectJava\javase"/>
    <property name="os.arch" value="amd64"/>
    <property name="java.vm.specification.name" value="Java Virtual Machine Specification"/>
    <property name="sun.os.patch.level" value=""/>
    <property name="native.encoding" value="GBK"/>
    <property name="java.library.path" value="D:\program files\jdk\jdk-17\bin;C:\WINDOWS\Sun\Java\bin;C:\WINDOWS\system32;C:\WINDOWS;D:\program files\jdk\jdk-17\bin;C:\Program Files\Microsoft\jdk-11.0.12.7-hotspot\bin;D:\program files\vmware\bin\;C:\Program Files\PlasticSCM5\server;C:\Program Files\PlasticSCM5\client;D:\program files\python;D:\program files\python\Scripts;D:\program files\xshell\;D:\specialsoft\WINDOWS.X64_193000_db_home\bin;C:\windows\system32;C:\Windows;C:\Windows\System32\Wbem;C:\Windows\System32\WindowsPowerShell\v1.0\;C:\Program Files (x86)\NVIDIA Corporation\PhysX\Common;D:\work\code\cmd;D:\program files\Dart\dart-sdk\bin;C:\Program Files\NVIDIA Corporation\NVIDIA NvDLISR;C:\Program Files\dotnet\;D:\program files\mysql-8.0.17-winx64\bin;D:\program files\scala\bin;D:\specialsoft\cygwin\bin;D:\specialsoft\cygwin\sbin;D:\specialsoft\cygwin\usr\local\bin;D:\specialsoft\Apache24\bin;D:\program files\gradle\gradle-6.4\bin;C:\Program Files (x86)\GtkSharp\2.12\bin;D:\program files\postgreSQL13\bin;D:\program files\xmanager\Xmanager 7\;D:\program files\xmanager\Xshell 7\;D:\program files\xmanager\Xftp 7\;D:\program files\xmanager\Xlpd 7\;D:\program files\loadrunner\bin\Silk\Silk Performer 21.0;C:\WINDOWS\System32\OpenSSH\;C:\ProgramData\chocolatey\bin;D:\program files\vagrant\bin;D:\program files\php-8.0.2-nts-Win32-vs16-x64;C:\ProgramData\ComposerSetup\bin;D:\program files\hadoop3.3.1\hadoop-3.3.1\bin;D:\program files\Neovim\bin;D:\program files\hpqtp\bin;C:\Program Files\Common Files\Autodesk Shared\;C:\Program Files\Microsoft SQL Server\150\Tools\Binn\;C:\Program Files\Microsoft SQL Server\Client SDK\ODBC\170\Tools\Binn\;D:\program files\Git\cmd;D:\program files\go\bin;D:\program files\platform-tools;D:\program files\mingw\bin;D:\program files\apache-maven\bin;D:\program files\apache-tomcat-10.0.12\bin;D:\program files\nodejs\;D:\program files\lua;D:\masm32\bin;D:\work\other\cmd;D:\program files\apache-ant\bin;D:\program files\flutter\bin;C:\Library\Developer\Toolchains\unknown-Asserts-development.xctoolchain\usr\bin;C:\Library\Swift-development\bin;C:\Library\icu-67\usr\bin;C:\Program Files\Docker\Docker\resources\bin;C:\ProgramData\DockerDesktop\version-bin;D:\program files\jdk\jdk-17\bin;D:\program files\Ruby30-x64\bin;D:\program files\anaconda;D:\program files\anaconda\Library\mingw-w64\bin;D:\program files\anaconda\Library\usr\bin;D:\program files\anaconda\Library\bin;D:\program files\anaconda\Scripts;C:\Users\31446\scoop\shims;C:\Program Files\MySQL\MySQL Shell 8.0\bin\;C:\Users\31446\AppData\Local\Microsoft\WindowsApps;C:\Program Files\Bandizip\;C:\Users\31446\AppData\Local\Programs\Microsoft VS Code\bin;D:\program files\Microsoft VS Code\Microsoft VS Code\bin;C:\Users\31446\go\bin;C:\Users\31446\.deno\bin;D:\program files\Fiddler;C:\Users\31446\.dotnet\tools;C:\Users\31446\AppData\Roaming\Composer\vendor\bin;C:\Users\31446\AppData\Local\atom\bin;C:\Users\31446\.dotnet\tools;C:\Users\31446\AppData\Local\Microsoft\WindowsApps;C:\Users\31446\go\bin;C:\Users\31446\AppData\Roaming\npm;."/>
    <property name="java.vm.info" value="mixed mode, sharing"/>
    <property name="java.vendor" value="Oracle Corporation"/>
    <property name="java.vm.version" value="17.0.1+12-LTS-39"/>
    <property name="sun.io.unicode.encoding" value="UnicodeLittle"/>
    <property name="java.class.version" value="61.0"/>
  </properties>
  <testcase name="makeSDTest" classname="com.myproject.javastudy.SDTest" time="0.048">
    <system-err><![CDATA[1月 16, 2022 2:45:06 上午 com.myproject.javastudy.stringanddate.StringAndDateTest testString
信息: testHello Worldtest
1月 16, 2022 2:45:06 上午 com.myproject.javastudy.stringanddate.StringAndDateTest testString
信息: HelWolorld
1月 16, 2022 2:45:06 上午 com.myproject.javastudy.stringanddate.StringAndDateTest testString
信息: dlroWolleH
1月 16, 2022 2:45:06 上午 com.myproject.javastudy.stringanddate.StringAndDateTest testString
信息: 4
1月 16, 2022 2:45:06 上午 com.myproject.javastudy.stringanddate.StringAndDateTest testString
信息: World
1月 16, 2022 2:45:06 上午 com.myproject.javastudy.stringanddate.StringAndDateTest testString
信息: HWellloor
]]></system-err>
  </testcase>
</testsuite>