<?xml version="1.0" encoding="UTF-8" ?>
<testsuite tests="0" failures="0" name="com.myproject.javastudy.ThreadTest" time="0" errors="0" skipped="0">
  <properties>
    <property name="idea.version" value="2021.3.1"/>
    <property name="java.runtime.name" value="Java(TM) SE Runtime Environment"/>
    <property name="java.vm.version" value="17+35-LTS-2724"/>
    <property name="sun.boot.library.path" value="D:\program files\jdk\jdk-17\bin"/>
    <property name="maven.multiModuleProjectDirectory" value="D:\work\code\vscode\java\myProjectJava\javase"/>
    <property name="java.vm.vendor" value="Oracle Corporation"/>
    <property name="java.vendor.url" value="https://java.oracle.com/"/>
    <property name="guice.disable.misplaced.annotation.check" value="true"/>
    <property name="path.separator" value=";"/>
    <property name="java.vm.name" value="Java HotSpot(TM) 64-Bit Server VM"/>
    <property name="sun.os.patch.level" value=""/>
    <property name="user.script" value=""/>
    <property name="user.country" value="CN"/>
    <property name="sun.java.launcher" value="SUN_STANDARD"/>
    <property name="java.vm.specification.name" value="Java Virtual Machine Specification"/>
    <property name="user.dir" value="D:\work\code\vscode\java\myProjectJava\javase"/>
    <property name="java.vm.compressedOopsMode" value="Zero based"/>
    <property name="java.runtime.version" value="17+35-LTS-2724"/>
    <property name="os.arch" value="amd64"/>
    <property name="java.io.tmpdir" value="C:\Users\31446\AppData\Local\Temp\"/>
    <property name="line.separator" value="
"/>
    <property name="java.vm.specification.vendor" value="Oracle Corporation"/>
    <property name="user.variant" value=""/>
    <property name="os.name" value="Windows 10"/>
    <property name="maven.ext.class.path" value="D:\program files\apps\IDEA-C\ch-0\213.6461.79\plugins\maven\lib\maven-event-listener.jar"/>
    <property name="classworlds.conf" value="D:\program files\apache-maven\bin\m2.conf"/>
    <property name="sun.jnu.encoding" value="GBK"/>
    <property name="java.library.path" value="D:\program files\jdk\jdk-17\bin;C:\WINDOWS\Sun\Java\bin;C:\WINDOWS\system32;C:\WINDOWS;D:\program files\jdk\jdk-17\bin;C:\Program Files\Microsoft\jdk-11.0.12.7-hotspot\bin;D:\program files\vmware\bin\;C:\Program Files\PlasticSCM5\server;C:\Program Files\PlasticSCM5\client;D:\program files\python;D:\program files\python\Scripts;D:\program files\xshell\;D:\specialsoft\WINDOWS.X64_193000_db_home\bin;C:\windows\system32;C:\Windows;C:\Windows\System32\Wbem;C:\Windows\System32\WindowsPowerShell\v1.0\;C:\Program Files (x86)\NVIDIA Corporation\PhysX\Common;D:\work\code\cmd;D:\program files\Dart\dart-sdk\bin;C:\Program Files\NVIDIA Corporation\NVIDIA NvDLISR;C:\Program Files\dotnet\;D:\program files\mysql-8.0.17-winx64\bin;D:\program files\scala\bin;D:\specialsoft\cygwin\bin;D:\specialsoft\cygwin\sbin;D:\specialsoft\cygwin\usr\local\bin;D:\specialsoft\Apache24\bin;D:\program files\gradle\gradle-6.4\bin;C:\Program Files (x86)\GtkSharp\2.12\bin;D:\program files\postgreSQL13\bin;D:\program files\xmanager\Xmanager 7\;D:\program files\xmanager\Xshell 7\;D:\program files\xmanager\Xftp 7\;D:\program files\xmanager\Xlpd 7\;D:\program files\loadrunner\bin\Silk\Silk Performer 21.0;C:\WINDOWS\System32\OpenSSH\;C:\ProgramData\chocolatey\bin;D:\program files\vagrant\bin;D:\program files\php-8.0.2-nts-Win32-vs16-x64;C:\ProgramData\ComposerSetup\bin;D:\program files\hadoop3.3.1\hadoop-3.3.1\bin;C:\Program Files\Docker\Docker\resources\bin;C:\ProgramData\DockerDesktop\version-bin;D:\program files\Neovim\bin;D:\program files\hpqtp\bin;C:\Program Files\Common Files\Autodesk Shared\;C:\Program Files\Microsoft SQL Server\150\Tools\Binn\;C:\Program Files\Microsoft SQL Server\Client SDK\ODBC\170\Tools\Binn\;D:\program files\Git\cmd;D:\program files\go\bin;C:\Program Files (x86)\dotnet\;D:\program files\platform-tools;D:\program files\mingw\bin;D:\program files\apache-maven-3.8.3\bin;D:\program files\apache-tomcat-10.0.12\bin;D:\program files\nodejs\;D:\program files\lua;D:\masm32\bin;D:\work\other\cmd;D:\program files\jdk\jdk-17\bin;D:\program files\Ruby30-x64\bin;D:\program files\anaconda;D:\program files\anaconda\Library\mingw-w64\bin;D:\program files\anaconda\Library\usr\bin;D:\program files\anaconda\Library\bin;D:\program files\anaconda\Scripts;C:\Users\31446\scoop\shims;C:\Program Files\MySQL\MySQL Shell 8.0\bin\;C:\Users\31446\AppData\Local\Microsoft\WindowsApps;C:\Program Files\Bandizip\;C:\Users\31446\AppData\Local\Programs\Microsoft VS Code\bin;D:\program files\Microsoft VS Code\Microsoft VS Code\bin;C:\Users\31446\go\bin;C:\Users\31446\.deno\bin;D:\program files\Fiddler;C:\Users\31446\.dotnet\tools;C:\Users\31446\AppData\Roaming\Composer\vendor\bin;C:\Users\31446\AppData\Local\atom\bin;C:\Users\31446\.dotnet\tools;C:\Users\31446\AppData\Local\Microsoft\WindowsApps;C:\Users\31446\go\bin;C:\Users\31446\AppData\Roaming\npm;."/>
    <property name="maven.conf" value="D:\program files\apache-maven/conf"/>
    <property name="jdk.debug" value="release"/>
    <property name="java.class.version" value="61.0"/>
    <property name="java.specification.name" value="Java Platform API Specification"/>
    <property name="sun.management.compiler" value="HotSpot 64-Bit Tiered Compilers"/>
    <property name="os.version" value="10.0"/>
    <property name="user.home" value="C:\Users\31446"/>
    <property name="user.timezone" value="Asia/Shanghai"/>
    <property name="file.encoding" value="UTF-8"/>
    <property name="java.specification.version" value="17"/>
    <property name="user.name" value="31446"/>
    <property name="java.class.path" value="D:\program files\apache-maven\boot\plexus-classworlds-2.6.0.jar;D:\program files\apache-maven\boot\plexus-classworlds.license"/>
    <property name="java.vm.specification.version" value="17"/>
    <property name="sun.arch.data.model" value="64"/>
    <property name="sun.java.command" value="org.codehaus.classworlds.Launcher -Didea.version=2021.3.1 -s D:\program files\apache-maven\conf\settings.xml test"/>
    <property name="java.home" value="D:\program files\jdk\jdk-17"/>
    <property name="user.language" value="zh"/>
    <property name="java.specification.vendor" value="Oracle Corporation"/>
    <property name="java.vm.info" value="mixed mode, sharing"/>
    <property name="java.version" value="17"/>
    <property name="native.encoding" value="GBK"/>
    <property name="java.vendor" value="Oracle Corporation"/>
    <property name="maven.home" value="D:\program files\apache-maven"/>
    <property name="file.separator" value="\"/>
    <property name="java.version.date" value="2021-09-14"/>
    <property name="java.vendor.url.bug" value="https://bugreport.java.com/bugreport/"/>
    <property name="sun.io.unicode.encoding" value="UnicodeLittle"/>
    <property name="sun.cpu.endian" value="little"/>
    <property name="sun.cpu.isalist" value="amd64"/>
  </properties>
</testsuite>