<?xml version="1.0" encoding="UTF-8"?>
<!-- Generated by org.testng.reporters.JUnitReportReporter -->
<testsuite hostname="MyComputer" failures="0" tests="1" name="com.myproject.javastudy.AppTest" time="0.004" errors="0" timestamp="2022-01-09T21:18:30 CST" skipped="0">
  <testcase classname="com.myproject.javastudy.AppTest" name="testApp" time="0.004"/>
  <system-out/>
</testsuite> <!-- com.myproject.javastudy.AppTest -->
